
  .   ____          _            __ _ _
 /\\ / ___'_ __ _ _(_)_ __  __ _ \ \ \ \
( ( )\___ | '_ | '_| | '_ \/ _` | \ \ \ \
 \\/  ___)| |_)| | | | | || (_| |  ) ) ) )
  '  |____| .__|_| |_|_| |_\__, | / / / /
 =========|_|==============|___/=/_/_/_/
 :: Spring Boot ::        (v2.3.9.RELEASE)

2023-02-19 06:40:09.432  INFO 9954 --- [           main] c.d.apigateway.ApiGatewayApplication     : The following profiles are active: default
2023-02-19 06:40:12.210  WARN 9954 --- [           main] o.s.boot.actuate.endpoint.EndpointId     : Endpoint ID 'service-registry' contains invalid characters, please migrate to a valid format.
2023-02-19 06:40:12.263  WARN 9954 --- [           main] o.s.boot.actuate.endpoint.EndpointId     : Endpoint ID 'hystrix.stream' contains invalid characters, please migrate to a valid format.
2023-02-19 06:40:12.604  INFO 9954 --- [           main] o.s.cloud.context.scope.GenericScope     : BeanFactory id=8f0ddcea-c91e-32e8-ae45-f984a24ed435
2023-02-19 06:40:14.404  INFO 9954 --- [           main] o.s.b.w.embedded.tomcat.TomcatWebServer  : Tomcat initialized with port(s): 5555 (http)
2023-02-19 06:40:14.439  INFO 9954 --- [           main] o.apache.catalina.core.StandardService   : Starting service [Tomcat]
2023-02-19 06:40:14.439  INFO 9954 --- [           main] org.apache.catalina.core.StandardEngine  : Starting Servlet engine: [Apache Tomcat/9.0.43]
2023-02-19 06:40:14.668  INFO 9954 --- [           main] o.a.c.c.C.[Tomcat].[localhost].[/]       : Initializing Spring embedded WebApplicationContext
2023-02-19 06:40:14.669  INFO 9954 --- [           main] w.s.c.ServletWebServerApplicationContext : Root WebApplicationContext: initialization completed in 5141 ms
2023-02-19 06:40:14.913  WARN 9954 --- [           main] c.n.c.sources.URLConfigurationSource     : No URLs will be polled as dynamic configuration sources.
2023-02-19 06:40:14.913  INFO 9954 --- [           main] c.n.c.sources.URLConfigurationSource     : To enable URLs as dynamic configuration sources, define System property archaius.configurationSource.additionalUrls or make config.properties available on classpath.
2023-02-19 06:40:14.963  INFO 9954 --- [           main] c.netflix.config.DynamicPropertyFactory  : DynamicPropertyFactory is initialized with configuration sources: com.netflix.config.ConcurrentCompositeConfiguration@c1a4620
2023-02-19 06:40:15.985  WARN 9954 --- [           main] c.n.c.sources.URLConfigurationSource     : No URLs will be polled as dynamic configuration sources.
2023-02-19 06:40:15.986  INFO 9954 --- [           main] c.n.c.sources.URLConfigurationSource     : To enable URLs as dynamic configuration sources, define System property archaius.configurationSource.additionalUrls or make config.properties available on classpath.
2023-02-19 06:40:17.103  INFO 9954 --- [           main] o.s.s.concurrent.ThreadPoolTaskExecutor  : Initializing ExecutorService 'applicationTaskExecutor'
2023-02-19 06:40:17.520  INFO 9954 --- [           main] DiscoveryClientOptionalArgsConfiguration : Eureka HTTP Client uses Jersey
2023-02-19 06:40:18.125  WARN 9954 --- [           main] ockingLoadBalancerClientRibbonWarnLogger : You already have RibbonLoadBalancerClient on your classpath. It will be used by default. As Spring Cloud Ribbon is in maintenance mode. We recommend switching to BlockingLoadBalancerClient instead. In order to use it, set the value of `spring.cloud.loadbalancer.ribbon.enabled` to `false` or remove spring-cloud-starter-netflix-ribbon from your project.
2023-02-19 06:40:18.865  INFO 9954 --- [           main] o.s.c.n.zuul.ZuulFilterInitializer       : Starting filter initializer
2023-02-19 06:40:18.926  INFO 9954 --- [           main] o.s.b.a.e.web.EndpointLinksResolver      : Exposing 2 endpoint(s) beneath base path '/actuator'
2023-02-19 06:40:18.996  INFO 9954 --- [           main] o.s.c.n.eureka.InstanceInfoFactory       : Setting initial instance status as: STARTING
2023-02-19 06:40:19.219  INFO 9954 --- [           main] com.netflix.discovery.DiscoveryClient    : Initializing Eureka in region us-east-1
2023-02-19 06:40:19.393  INFO 9954 --- [           main] c.n.d.provider.DiscoveryJerseyProvider   : Using JSON encoding codec LegacyJacksonJson
2023-02-19 06:40:19.393  INFO 9954 --- [           main] c.n.d.provider.DiscoveryJerseyProvider   : Using JSON decoding codec LegacyJacksonJson
2023-02-19 06:40:20.000  INFO 9954 --- [           main] c.n.d.provider.DiscoveryJerseyProvider   : Using XML encoding codec XStreamXml
2023-02-19 06:40:20.002  INFO 9954 --- [           main] c.n.d.provider.DiscoveryJerseyProvider   : Using XML decoding codec XStreamXml
2023-02-19 06:40:20.653  INFO 9954 --- [           main] c.n.d.s.r.aws.ConfigClusterResolver      : Resolving eureka endpoints via configuration
2023-02-19 06:40:20.714  INFO 9954 --- [           main] com.netflix.discovery.DiscoveryClient    : Disable delta property : false
2023-02-19 06:40:20.714  INFO 9954 --- [           main] com.netflix.discovery.DiscoveryClient    : Single vip registry refresh property : null
2023-02-19 06:40:20.714  INFO 9954 --- [           main] com.netflix.discovery.DiscoveryClient    : Force full registry fetch : false
2023-02-19 06:40:20.714  INFO 9954 --- [           main] com.netflix.discovery.DiscoveryClient    : Application is null : false
2023-02-19 06:40:20.714  INFO 9954 --- [           main] com.netflix.discovery.DiscoveryClient    : Registered Applications size is zero : true
2023-02-19 06:40:20.715  INFO 9954 --- [           main] com.netflix.discovery.DiscoveryClient    : Application version is -1: true
2023-02-19 06:40:20.715  INFO 9954 --- [           main] com.netflix.discovery.DiscoveryClient    : Getting all instance registry info from the eureka server
2023-02-19 06:40:21.212  INFO 9954 --- [           main] com.netflix.discovery.DiscoveryClient    : The response status is 200
2023-02-19 06:40:21.219  INFO 9954 --- [           main] com.netflix.discovery.DiscoveryClient    : Starting heartbeat executor: renew interval is: 30
2023-02-19 06:40:21.223  INFO 9954 --- [           main] c.n.discovery.InstanceInfoReplicator     : InstanceInfoReplicator onDemand update allowed rate per min is 4
2023-02-19 06:40:21.230  INFO 9954 --- [           main] com.netflix.discovery.DiscoveryClient    : Discovery Client initialized at timestamp 1676756421229 with initial instances count: 2
2023-02-19 06:40:21.251  INFO 9954 --- [           main] o.s.c.n.e.s.EurekaServiceRegistry        : Registering application API-GATEWAY with eureka with status UP
2023-02-19 06:40:21.253  INFO 9954 --- [           main] com.netflix.discovery.DiscoveryClient    : Saw local status change event StatusChangeEvent [timestamp=1676756421253, current=UP, previous=STARTING]
2023-02-19 06:40:21.259  INFO 9954 --- [nfoReplicator-0] com.netflix.discovery.DiscoveryClient    : DiscoveryClient_API-GATEWAY/172.30.1.20:api-gateway:5555: registering service...
2023-02-19 06:40:21.326  INFO 9954 --- [nfoReplicator-0] com.netflix.discovery.DiscoveryClient    : DiscoveryClient_API-GATEWAY/172.30.1.20:api-gateway:5555 - registration status: 204
2023-02-19 06:40:21.326  INFO 9954 --- [           main] o.s.b.w.embedded.tomcat.TomcatWebServer  : Tomcat started on port(s): 5555 (http) with context path ''
2023-02-19 06:40:21.327  INFO 9954 --- [           main] .s.c.n.e.s.EurekaAutoServiceRegistration : Updating port to 5555
2023-02-19 06:40:21.363  INFO 9954 --- [           main] c.d.apigateway.ApiGatewayApplication     : Started ApiGatewayApplication in 16.326 seconds (JVM running for 17.332)
2023-02-19 06:45:20.715  INFO 9954 --- [trap-executor-0] c.n.d.s.r.aws.ConfigClusterResolver      : Resolving eureka endpoints via configuration
2023-02-19 06:50:20.720  INFO 9954 --- [trap-executor-0] c.n.d.s.r.aws.ConfigClusterResolver      : Resolving eureka endpoints via configuration
2023-02-19 06:55:20.717  INFO 9954 --- [trap-executor-0] c.n.d.s.r.aws.ConfigClusterResolver      : Resolving eureka endpoints via configuration
2023-02-19 07:27:17.191  INFO 9954 --- [trap-executor-0] c.n.d.s.r.aws.ConfigClusterResolver      : Resolving eureka endpoints via configuration
2023-02-19 08:02:05.471  INFO 9954 --- [trap-executor-0] c.n.d.s.r.aws.ConfigClusterResolver      : Resolving eureka endpoints via configuration
2023-02-19 08:36:53.682  INFO 9954 --- [trap-executor-0] c.n.d.s.r.aws.ConfigClusterResolver      : Resolving eureka endpoints via configuration
2023-02-19 09:11:42.313  INFO 9954 --- [trap-executor-0] c.n.d.s.r.aws.ConfigClusterResolver      : Resolving eureka endpoints via configuration
2023-02-19 09:46:30.740  INFO 9954 --- [trap-executor-0] c.n.d.s.r.aws.ConfigClusterResolver      : Resolving eureka endpoints via configuration
2023-02-19 10:15:22.597  INFO 9954 --- [tbeatExecutor-0] com.netflix.discovery.DiscoveryClient    : DiscoveryClient_API-GATEWAY/172.30.1.20:api-gateway:5555 - Re-registering apps/API-GATEWAY
2023-02-19 10:15:22.599  INFO 9954 --- [tbeatExecutor-0] com.netflix.discovery.DiscoveryClient    : DiscoveryClient_API-GATEWAY/172.30.1.20:api-gateway:5555: registering service...
2023-02-19 10:15:22.610  INFO 9954 --- [tbeatExecutor-0] com.netflix.discovery.DiscoveryClient    : DiscoveryClient_API-GATEWAY/172.30.1.20:api-gateway:5555 - registration status: 204
2023-02-19 10:21:17.444  INFO 9954 --- [trap-executor-0] c.n.d.s.r.aws.ConfigClusterResolver      : Resolving eureka endpoints via configuration
2023-02-19 11:47:08.813  INFO 9954 --- [trap-executor-0] c.n.d.s.r.aws.ConfigClusterResolver      : Resolving eureka endpoints via configuration
2023-02-19 11:52:08.830  INFO 9954 --- [trap-executor-0] c.n.d.s.r.aws.ConfigClusterResolver      : Resolving eureka endpoints via configuration
2023-02-19 12:50:31.828  INFO 9954 --- [trap-executor-0] c.n.d.s.r.aws.ConfigClusterResolver      : Resolving eureka endpoints via configuration
2023-02-19 12:55:48.115  INFO 9954 --- [trap-executor-0] c.n.d.s.r.aws.ConfigClusterResolver      : Resolving eureka endpoints via configuration
2023-02-19 13:53:43.792  INFO 9954 --- [trap-executor-0] c.n.d.s.r.aws.ConfigClusterResolver      : Resolving eureka endpoints via configuration
2023-02-19 14:00:35.942  INFO 9954 --- [trap-executor-0] c.n.d.s.r.aws.ConfigClusterResolver      : Resolving eureka endpoints via configuration
2023-02-19 14:05:35.955  INFO 9954 --- [trap-executor-0] c.n.d.s.r.aws.ConfigClusterResolver      : Resolving eureka endpoints via configuration
2023-02-19 14:10:35.965  INFO 9954 --- [trap-executor-0] c.n.d.s.r.aws.ConfigClusterResolver      : Resolving eureka endpoints via configuration
2023-02-19 14:15:35.978  INFO 9954 --- [trap-executor-0] c.n.d.s.r.aws.ConfigClusterResolver      : Resolving eureka endpoints via configuration
2023-02-19 14:20:35.993  INFO 9954 --- [trap-executor-0] c.n.d.s.r.aws.ConfigClusterResolver      : Resolving eureka endpoints via configuration
2023-02-19 14:25:36.002  INFO 9954 --- [trap-executor-0] c.n.d.s.r.aws.ConfigClusterResolver      : Resolving eureka endpoints via configuration
2023-02-19 14:30:36.012  INFO 9954 --- [trap-executor-0] c.n.d.s.r.aws.ConfigClusterResolver      : Resolving eureka endpoints via configuration
2023-02-19 14:35:36.160  INFO 9954 --- [trap-executor-0] c.n.d.s.r.aws.ConfigClusterResolver      : Resolving eureka endpoints via configuration
2023-02-19 14:40:36.266  INFO 9954 --- [trap-executor-0] c.n.d.s.r.aws.ConfigClusterResolver      : Resolving eureka endpoints via configuration
2023-02-19 14:45:36.285  INFO 9954 --- [trap-executor-0] c.n.d.s.r.aws.ConfigClusterResolver      : Resolving eureka endpoints via configuration
2023-02-19 14:50:36.305  INFO 9954 --- [trap-executor-0] c.n.d.s.r.aws.ConfigClusterResolver      : Resolving eureka endpoints via configuration
2023-02-19 14:55:36.325  INFO 9954 --- [trap-executor-0] c.n.d.s.r.aws.ConfigClusterResolver      : Resolving eureka endpoints via configuration
2023-02-19 15:00:36.344  INFO 9954 --- [trap-executor-0] c.n.d.s.r.aws.ConfigClusterResolver      : Resolving eureka endpoints via configuration
2023-02-19 15:05:36.360  INFO 9954 --- [trap-executor-0] c.n.d.s.r.aws.ConfigClusterResolver      : Resolving eureka endpoints via configuration
2023-02-19 15:08:52.892  INFO 9954 --- [nio-5555-exec-1] o.apache.coyote.http11.Http11Processor   : Error parsing HTTP request header
 Note: further occurrences of HTTP request parsing errors will be logged at DEBUG level.

java.lang.IllegalArgumentException: Invalid character found in method name [CNXN0x010x000x000x010x000x000x100x000xea0x000x000x00D[0x000x000xbc0xb10xa70xb1host::features=shell_v2,cmd,stat_v2,ls_v2,fixed_push_mkdir,apex,abb,fixed_push_symlink_timestamp,abb_exec,remount_shell,track_app,sendrecv_v2,sendrecv_v2_brotli,sendrecv_v2_lz4,sendrecv_v2_zstd,sendrecv_v2_dry_run_send,openscreen_mdn...]. HTTP method names must be tokens
	at org.apache.coyote.http11.Http11InputBuffer.parseRequestLine(Http11InputBuffer.java:417) ~[tomcat-embed-core-9.0.43.jar!/:9.0.43]
	at org.apache.coyote.http11.Http11Processor.service(Http11Processor.java:261) ~[tomcat-embed-core-9.0.43.jar!/:9.0.43]
	at org.apache.coyote.AbstractProcessorLight.process(AbstractProcessorLight.java:65) ~[tomcat-embed-core-9.0.43.jar!/:9.0.43]
	at org.apache.coyote.AbstractProtocol$ConnectionHandler.process(AbstractProtocol.java:887) ~[tomcat-embed-core-9.0.43.jar!/:9.0.43]
	at org.apache.tomcat.util.net.NioEndpoint$SocketProcessor.doRun(NioEndpoint.java:1684) ~[tomcat-embed-core-9.0.43.jar!/:9.0.43]
	at org.apache.tomcat.util.net.SocketProcessorBase.run(SocketProcessorBase.java:49) ~[tomcat-embed-core-9.0.43.jar!/:9.0.43]
	at java.base/java.util.concurrent.ThreadPoolExecutor.runWorker(ThreadPoolExecutor.java:1136) ~[na:na]
	at java.base/java.util.concurrent.ThreadPoolExecutor$Worker.run(ThreadPoolExecutor.java:635) ~[na:na]
	at org.apache.tomcat.util.threads.TaskThread$WrappingRunnable.run(TaskThread.java:61) ~[tomcat-embed-core-9.0.43.jar!/:9.0.43]
	at java.base/java.lang.Thread.run(Thread.java:833) ~[na:na]


  .   ____          _            __ _ _
 /\\ / ___'_ __ _ _(_)_ __  __ _ \ \ \ \
( ( )\___ | '_ | '_| | '_ \/ _` | \ \ \ \
 \\/  ___)| |_)| | | | | || (_| |  ) ) ) )
  '  |____| .__|_| |_|_| |_\__, | / / / /
 =========|_|==============|___/=/_/_/_/
 :: Spring Boot ::        (v2.3.9.RELEASE)

2023-02-19 15:09:01.859  INFO 19338 --- [           main] c.d.apigateway.ApiGatewayApplication     : The following profiles are active: default
2023-02-19 15:09:04.554  WARN 19338 --- [           main] o.s.boot.actuate.endpoint.EndpointId     : Endpoint ID 'service-registry' contains invalid characters, please migrate to a valid format.
2023-02-19 15:09:04.601  WARN 19338 --- [           main] o.s.boot.actuate.endpoint.EndpointId     : Endpoint ID 'hystrix.stream' contains invalid characters, please migrate to a valid format.
2023-02-19 15:09:04.936  INFO 19338 --- [           main] o.s.cloud.context.scope.GenericScope     : BeanFactory id=8f0ddcea-c91e-32e8-ae45-f984a24ed435
2023-02-19 15:09:06.680  INFO 19338 --- [           main] o.s.b.w.embedded.tomcat.TomcatWebServer  : Tomcat initialized with port(s): 5555 (http)
2023-02-19 15:09:06.714  INFO 19338 --- [           main] o.apache.catalina.core.StandardService   : Starting service [Tomcat]
2023-02-19 15:09:06.714  INFO 19338 --- [           main] org.apache.catalina.core.StandardEngine  : Starting Servlet engine: [Apache Tomcat/9.0.43]
2023-02-19 15:09:06.922  INFO 19338 --- [           main] o.a.c.c.C.[Tomcat].[localhost].[/]       : Initializing Spring embedded WebApplicationContext
2023-02-19 15:09:06.923  INFO 19338 --- [           main] w.s.c.ServletWebServerApplicationContext : Root WebApplicationContext: initialization completed in 4982 ms
2023-02-19 15:09:07.153  WARN 19338 --- [           main] c.n.c.sources.URLConfigurationSource     : No URLs will be polled as dynamic configuration sources.
2023-02-19 15:09:07.154  INFO 19338 --- [           main] c.n.c.sources.URLConfigurationSource     : To enable URLs as dynamic configuration sources, define System property archaius.configurationSource.additionalUrls or make config.properties available on classpath.
2023-02-19 15:09:07.200  INFO 19338 --- [           main] c.netflix.config.DynamicPropertyFactory  : DynamicPropertyFactory is initialized with configuration sources: com.netflix.config.ConcurrentCompositeConfiguration@c1a4620
2023-02-19 15:09:08.268  WARN 19338 --- [           main] c.n.c.sources.URLConfigurationSource     : No URLs will be polled as dynamic configuration sources.
2023-02-19 15:09:08.268  INFO 19338 --- [           main] c.n.c.sources.URLConfigurationSource     : To enable URLs as dynamic configuration sources, define System property archaius.configurationSource.additionalUrls or make config.properties available on classpath.
2023-02-19 15:09:09.337  INFO 19338 --- [           main] o.s.s.concurrent.ThreadPoolTaskExecutor  : Initializing ExecutorService 'applicationTaskExecutor'
2023-02-19 15:09:09.720  INFO 19338 --- [           main] DiscoveryClientOptionalArgsConfiguration : Eureka HTTP Client uses Jersey
2023-02-19 15:09:10.344  WARN 19338 --- [           main] ockingLoadBalancerClientRibbonWarnLogger : You already have RibbonLoadBalancerClient on your classpath. It will be used by default. As Spring Cloud Ribbon is in maintenance mode. We recommend switching to BlockingLoadBalancerClient instead. In order to use it, set the value of `spring.cloud.loadbalancer.ribbon.enabled` to `false` or remove spring-cloud-starter-netflix-ribbon from your project.
2023-02-19 15:09:11.060  INFO 19338 --- [           main] o.s.c.n.zuul.ZuulFilterInitializer       : Starting filter initializer
2023-02-19 15:09:11.110  INFO 19338 --- [           main] o.s.b.a.e.web.EndpointLinksResolver      : Exposing 2 endpoint(s) beneath base path '/actuator'
2023-02-19 15:09:11.173  INFO 19338 --- [           main] o.s.c.n.eureka.InstanceInfoFactory       : Setting initial instance status as: STARTING
2023-02-19 15:09:11.405  INFO 19338 --- [           main] com.netflix.discovery.DiscoveryClient    : Initializing Eureka in region us-east-1
2023-02-19 15:09:11.583  INFO 19338 --- [           main] c.n.d.provider.DiscoveryJerseyProvider   : Using JSON encoding codec LegacyJacksonJson
2023-02-19 15:09:11.584  INFO 19338 --- [           main] c.n.d.provider.DiscoveryJerseyProvider   : Using JSON decoding codec LegacyJacksonJson
2023-02-19 15:09:12.179  INFO 19338 --- [           main] c.n.d.provider.DiscoveryJerseyProvider   : Using XML encoding codec XStreamXml
2023-02-19 15:09:12.181  INFO 19338 --- [           main] c.n.d.provider.DiscoveryJerseyProvider   : Using XML decoding codec XStreamXml
2023-02-19 15:09:12.839  INFO 19338 --- [           main] c.n.d.s.r.aws.ConfigClusterResolver      : Resolving eureka endpoints via configuration
2023-02-19 15:09:12.900  INFO 19338 --- [           main] com.netflix.discovery.DiscoveryClient    : Disable delta property : false
2023-02-19 15:09:12.901  INFO 19338 --- [           main] com.netflix.discovery.DiscoveryClient    : Single vip registry refresh property : null
2023-02-19 15:09:12.901  INFO 19338 --- [           main] com.netflix.discovery.DiscoveryClient    : Force full registry fetch : false
2023-02-19 15:09:12.901  INFO 19338 --- [           main] com.netflix.discovery.DiscoveryClient    : Application is null : false
2023-02-19 15:09:12.901  INFO 19338 --- [           main] com.netflix.discovery.DiscoveryClient    : Registered Applications size is zero : true
2023-02-19 15:09:12.901  INFO 19338 --- [           main] com.netflix.discovery.DiscoveryClient    : Application version is -1: true
2023-02-19 15:09:12.901  INFO 19338 --- [           main] com.netflix.discovery.DiscoveryClient    : Getting all instance registry info from the eureka server
2023-02-19 15:09:13.404  INFO 19338 --- [           main] com.netflix.discovery.DiscoveryClient    : The response status is 200
2023-02-19 15:09:13.410  INFO 19338 --- [           main] com.netflix.discovery.DiscoveryClient    : Starting heartbeat executor: renew interval is: 30
2023-02-19 15:09:13.414  INFO 19338 --- [           main] c.n.discovery.InstanceInfoReplicator     : InstanceInfoReplicator onDemand update allowed rate per min is 4
2023-02-19 15:09:13.425  INFO 19338 --- [           main] com.netflix.discovery.DiscoveryClient    : Discovery Client initialized at timestamp 1676786953424 with initial instances count: 5
2023-02-19 15:09:13.445  INFO 19338 --- [           main] o.s.c.n.e.s.EurekaServiceRegistry        : Registering application API-GATEWAY with eureka with status UP
2023-02-19 15:09:13.447  INFO 19338 --- [           main] com.netflix.discovery.DiscoveryClient    : Saw local status change event StatusChangeEvent [timestamp=1676786953447, current=UP, previous=STARTING]
2023-02-19 15:09:13.453  INFO 19338 --- [nfoReplicator-0] com.netflix.discovery.DiscoveryClient    : DiscoveryClient_API-GATEWAY/192.168.123.105:api-gateway:5555: registering service...
2023-02-19 15:09:13.468  WARN 19338 --- [           main] ConfigServletWebServerApplicationContext : Exception encountered during context initialization - cancelling refresh attempt: org.springframework.context.ApplicationContextException: Failed to start bean 'webServerStartStop'; nested exception is org.springframework.boot.web.server.PortInUseException: Port 5555 is already in use
2023-02-19 15:09:13.469  INFO 19338 --- [           main] o.s.c.n.zuul.ZuulFilterInitializer       : Stopping filter initializer
2023-02-19 15:09:13.472  INFO 19338 --- [           main] o.s.s.concurrent.ThreadPoolTaskExecutor  : Shutting down ExecutorService 'applicationTaskExecutor'
2023-02-19 15:09:13.510  INFO 19338 --- [           main] com.netflix.discovery.DiscoveryClient    : Shutting down DiscoveryClient ...
2023-02-19 15:09:13.518  INFO 19338 --- [nfoReplicator-0] com.netflix.discovery.DiscoveryClient    : DiscoveryClient_API-GATEWAY/192.168.123.105:api-gateway:5555 - registration status: 204
2023-02-19 15:09:13.520  INFO 19338 --- [           main] com.netflix.discovery.DiscoveryClient    : Unregistering ...
2023-02-19 15:09:13.526  INFO 19338 --- [           main] com.netflix.discovery.DiscoveryClient    : DiscoveryClient_API-GATEWAY/192.168.123.105:api-gateway:5555 - deregister  status: 200
2023-02-19 15:09:13.546  INFO 19338 --- [           main] com.netflix.discovery.DiscoveryClient    : Completed shut down of DiscoveryClient
2023-02-19 15:09:13.548  INFO 19338 --- [           main] o.apache.catalina.core.StandardService   : Stopping service [Tomcat]
2023-02-19 15:09:13.588  INFO 19338 --- [           main] ConditionEvaluationReportLoggingListener : 

Error starting ApplicationContext. To display the conditions report re-run your application with 'debug' enabled.
2023-02-19 15:09:13.597 ERROR 19338 --- [           main] o.s.b.d.LoggingFailureAnalysisReporter   : 

***************************
APPLICATION FAILED TO START
***************************

Description:

Web server failed to start. Port 5555 was already in use.

Action:

Identify and stop the process that's listening on port 5555 or configure this application to listen on another port.


  .   ____          _            __ _ _
 /\\ / ___'_ __ _ _(_)_ __  __ _ \ \ \ \
( ( )\___ | '_ | '_| | '_ \/ _` | \ \ \ \
 \\/  ___)| |_)| | | | | || (_| |  ) ) ) )
  '  |____| .__|_| |_|_| |_\__, | / / / /
 =========|_|==============|___/=/_/_/_/
 :: Spring Boot ::        (v2.3.9.RELEASE)

2023-02-19 15:09:59.525  INFO 19389 --- [           main] c.d.apigateway.ApiGatewayApplication     : The following profiles are active: default
2023-02-19 15:10:02.198  WARN 19389 --- [           main] o.s.boot.actuate.endpoint.EndpointId     : Endpoint ID 'service-registry' contains invalid characters, please migrate to a valid format.
2023-02-19 15:10:02.242  WARN 19389 --- [           main] o.s.boot.actuate.endpoint.EndpointId     : Endpoint ID 'hystrix.stream' contains invalid characters, please migrate to a valid format.
2023-02-19 15:10:02.563  INFO 19389 --- [           main] o.s.cloud.context.scope.GenericScope     : BeanFactory id=8f0ddcea-c91e-32e8-ae45-f984a24ed435
2023-02-19 15:10:04.303  INFO 19389 --- [           main] o.s.b.w.embedded.tomcat.TomcatWebServer  : Tomcat initialized with port(s): 5555 (http)
2023-02-19 15:10:04.334  INFO 19389 --- [           main] o.apache.catalina.core.StandardService   : Starting service [Tomcat]
2023-02-19 15:10:04.335  INFO 19389 --- [           main] org.apache.catalina.core.StandardEngine  : Starting Servlet engine: [Apache Tomcat/9.0.43]
2023-02-19 15:10:04.546  INFO 19389 --- [           main] o.a.c.c.C.[Tomcat].[localhost].[/]       : Initializing Spring embedded WebApplicationContext
2023-02-19 15:10:04.546  INFO 19389 --- [           main] w.s.c.ServletWebServerApplicationContext : Root WebApplicationContext: initialization completed in 4939 ms
2023-02-19 15:10:04.781  WARN 19389 --- [           main] c.n.c.sources.URLConfigurationSource     : No URLs will be polled as dynamic configuration sources.
2023-02-19 15:10:04.781  INFO 19389 --- [           main] c.n.c.sources.URLConfigurationSource     : To enable URLs as dynamic configuration sources, define System property archaius.configurationSource.additionalUrls or make config.properties available on classpath.
2023-02-19 15:10:04.829  INFO 19389 --- [           main] c.netflix.config.DynamicPropertyFactory  : DynamicPropertyFactory is initialized with configuration sources: com.netflix.config.ConcurrentCompositeConfiguration@c1a4620
2023-02-19 15:10:05.883  WARN 19389 --- [           main] c.n.c.sources.URLConfigurationSource     : No URLs will be polled as dynamic configuration sources.
2023-02-19 15:10:05.884  INFO 19389 --- [           main] c.n.c.sources.URLConfigurationSource     : To enable URLs as dynamic configuration sources, define System property archaius.configurationSource.additionalUrls or make config.properties available on classpath.
2023-02-19 15:10:06.964  INFO 19389 --- [           main] o.s.s.concurrent.ThreadPoolTaskExecutor  : Initializing ExecutorService 'applicationTaskExecutor'
2023-02-19 15:10:07.410  INFO 19389 --- [           main] DiscoveryClientOptionalArgsConfiguration : Eureka HTTP Client uses Jersey
2023-02-19 15:10:07.945  WARN 19389 --- [           main] ockingLoadBalancerClientRibbonWarnLogger : You already have RibbonLoadBalancerClient on your classpath. It will be used by default. As Spring Cloud Ribbon is in maintenance mode. We recommend switching to BlockingLoadBalancerClient instead. In order to use it, set the value of `spring.cloud.loadbalancer.ribbon.enabled` to `false` or remove spring-cloud-starter-netflix-ribbon from your project.
2023-02-19 15:10:08.567  INFO 19389 --- [           main] o.s.c.n.zuul.ZuulFilterInitializer       : Starting filter initializer
2023-02-19 15:10:08.598  INFO 19389 --- [           main] o.s.b.a.e.web.EndpointLinksResolver      : Exposing 2 endpoint(s) beneath base path '/actuator'
2023-02-19 15:10:08.718  INFO 19389 --- [           main] o.s.c.n.eureka.InstanceInfoFactory       : Setting initial instance status as: STARTING
2023-02-19 15:10:08.938  INFO 19389 --- [           main] com.netflix.discovery.DiscoveryClient    : Initializing Eureka in region us-east-1
2023-02-19 15:10:09.122  INFO 19389 --- [           main] c.n.d.provider.DiscoveryJerseyProvider   : Using JSON encoding codec LegacyJacksonJson
2023-02-19 15:10:09.123  INFO 19389 --- [           main] c.n.d.provider.DiscoveryJerseyProvider   : Using JSON decoding codec LegacyJacksonJson
2023-02-19 15:10:09.702  INFO 19389 --- [           main] c.n.d.provider.DiscoveryJerseyProvider   : Using XML encoding codec XStreamXml
2023-02-19 15:10:09.704  INFO 19389 --- [           main] c.n.d.provider.DiscoveryJerseyProvider   : Using XML decoding codec XStreamXml
2023-02-19 15:10:10.365  INFO 19389 --- [           main] c.n.d.s.r.aws.ConfigClusterResolver      : Resolving eureka endpoints via configuration
2023-02-19 15:10:10.431  INFO 19389 --- [           main] com.netflix.discovery.DiscoveryClient    : Disable delta property : false
2023-02-19 15:10:10.432  INFO 19389 --- [           main] com.netflix.discovery.DiscoveryClient    : Single vip registry refresh property : null
2023-02-19 15:10:10.433  INFO 19389 --- [           main] com.netflix.discovery.DiscoveryClient    : Force full registry fetch : false
2023-02-19 15:10:10.433  INFO 19389 --- [           main] com.netflix.discovery.DiscoveryClient    : Application is null : false
2023-02-19 15:10:10.433  INFO 19389 --- [           main] com.netflix.discovery.DiscoveryClient    : Registered Applications size is zero : true
2023-02-19 15:10:10.433  INFO 19389 --- [           main] com.netflix.discovery.DiscoveryClient    : Application version is -1: true
2023-02-19 15:10:10.433  INFO 19389 --- [           main] com.netflix.discovery.DiscoveryClient    : Getting all instance registry info from the eureka server
2023-02-19 15:10:10.930  INFO 19389 --- [           main] com.netflix.discovery.DiscoveryClient    : The response status is 200
2023-02-19 15:10:10.935  INFO 19389 --- [           main] com.netflix.discovery.DiscoveryClient    : Starting heartbeat executor: renew interval is: 30
2023-02-19 15:10:10.939  INFO 19389 --- [           main] c.n.discovery.InstanceInfoReplicator     : InstanceInfoReplicator onDemand update allowed rate per min is 4
2023-02-19 15:10:10.945  INFO 19389 --- [           main] com.netflix.discovery.DiscoveryClient    : Discovery Client initialized at timestamp 1676787010945 with initial instances count: 5
2023-02-19 15:10:10.977  INFO 19389 --- [           main] o.s.c.n.e.s.EurekaServiceRegistry        : Registering application API-GATEWAY with eureka with status UP
2023-02-19 15:10:10.978  INFO 19389 --- [           main] com.netflix.discovery.DiscoveryClient    : Saw local status change event StatusChangeEvent [timestamp=1676787010978, current=UP, previous=STARTING]
2023-02-19 15:10:10.987  INFO 19389 --- [nfoReplicator-0] com.netflix.discovery.DiscoveryClient    : DiscoveryClient_API-GATEWAY/192.168.123.105:api-gateway:5555: registering service...
2023-02-19 15:10:11.056  INFO 19389 --- [           main] o.s.b.w.embedded.tomcat.TomcatWebServer  : Tomcat started on port(s): 5555 (http) with context path ''
2023-02-19 15:10:11.057  INFO 19389 --- [nfoReplicator-0] com.netflix.discovery.DiscoveryClient    : DiscoveryClient_API-GATEWAY/192.168.123.105:api-gateway:5555 - registration status: 204
2023-02-19 15:10:11.057  INFO 19389 --- [           main] .s.c.n.e.s.EurekaAutoServiceRegistration : Updating port to 5555
2023-02-19 15:10:11.088  INFO 19389 --- [           main] c.d.apigateway.ApiGatewayApplication     : Started ApiGatewayApplication in 15.998 seconds (JVM running for 16.923)
2023-02-19 15:10:11.618  INFO 19389 --- [nio-5555-exec-1] o.apache.coyote.http11.Http11Processor   : Error parsing HTTP request header
 Note: further occurrences of HTTP request parsing errors will be logged at DEBUG level.

java.lang.IllegalArgumentException: Invalid character found in method name [CNXN0x010x000x000x010x000x000x100x000xea0x000x000x00D[0x000x000xbc0xb10xa70xb1host::features=shell_v2,cmd,stat_v2,ls_v2,fixed_push_mkdir,apex,abb,fixed_push_symlink_timestamp,abb_exec,remount_shell,track_app,sendrecv_v2,sendrecv_v2_brotli,sendrecv_v2_lz4,sendrecv_v2_zstd,sendrecv_v2_dry_run_send,openscreen_mdn...]. HTTP method names must be tokens
	at org.apache.coyote.http11.Http11InputBuffer.parseRequestLine(Http11InputBuffer.java:417) ~[tomcat-embed-core-9.0.43.jar!/:9.0.43]
	at org.apache.coyote.http11.Http11Processor.service(Http11Processor.java:261) ~[tomcat-embed-core-9.0.43.jar!/:9.0.43]
	at org.apache.coyote.AbstractProcessorLight.process(AbstractProcessorLight.java:65) ~[tomcat-embed-core-9.0.43.jar!/:9.0.43]
	at org.apache.coyote.AbstractProtocol$ConnectionHandler.process(AbstractProtocol.java:887) ~[tomcat-embed-core-9.0.43.jar!/:9.0.43]
	at org.apache.tomcat.util.net.NioEndpoint$SocketProcessor.doRun(NioEndpoint.java:1684) ~[tomcat-embed-core-9.0.43.jar!/:9.0.43]
	at org.apache.tomcat.util.net.SocketProcessorBase.run(SocketProcessorBase.java:49) ~[tomcat-embed-core-9.0.43.jar!/:9.0.43]
	at java.base/java.util.concurrent.ThreadPoolExecutor.runWorker(ThreadPoolExecutor.java:1136) ~[na:na]
	at java.base/java.util.concurrent.ThreadPoolExecutor$Worker.run(ThreadPoolExecutor.java:635) ~[na:na]
	at org.apache.tomcat.util.threads.TaskThread$WrappingRunnable.run(TaskThread.java:61) ~[tomcat-embed-core-9.0.43.jar!/:9.0.43]
	at java.base/java.lang.Thread.run(Thread.java:833) ~[na:na]

2023-02-19 15:10:36.766  INFO 19389 --- [nio-5555-exec-2] o.a.c.c.C.[Tomcat].[localhost].[/]       : Initializing Spring DispatcherServlet 'dispatcherServlet'
2023-02-19 15:10:36.768  INFO 19389 --- [nio-5555-exec-2] o.s.web.servlet.DispatcherServlet        : Initializing Servlet 'dispatcherServlet'
2023-02-19 15:10:36.805  INFO 19389 --- [nio-5555-exec-2] o.s.web.servlet.DispatcherServlet        : Completed initialization in 35 ms
2023-02-19 15:10:36.890  INFO 19389 --- [nio-5555-exec-2] com.devpet.apigateway.filter.PreFilter   : ===== START Pre Filter. =====
2023-02-19 15:10:36.905  INFO 19389 --- [nio-5555-exec-2] com.devpet.apigateway.filter.PreFilter   : [Pre Filter] : Request reqUri : /api/app/profile HttpBody : {
    "nickname":"skine134",
    "about":"hello world",
    "birth":"1997-06-02",
    "imageUrl":"http://image.gg",
    "petList":[
        {
            "name":"Pozzi",
            "division":"프렌치 불독",
            "birth":"2022-12-31",
            "about":"우리 애기",
            "imageUrl":"",
            "meetDate":"2022-12-31"
        },
        {
            "name":"hulk",
            "division":"프렌치 불독",
            "birth":"2022-12-31",
            "about":"우량아",
            "imageUrl":"",
            "meetDate":"2022-12-31"
        }
    ]
}
2023-02-19 15:10:36.973  INFO 19389 --- [nio-5555-exec-3] o.apache.coyote.http11.Http11Processor   : Error parsing HTTP request header
 Note: further occurrences of HTTP request parsing errors will be logged at DEBUG level.

java.lang.IllegalArgumentException: Invalid character found in method name [CNXN0x010x000x000x010x000x000x100x000xea0x000x000x00D[0x000x000xbc0xb10xa70xb1host::features=shell_v2,cmd,stat_v2,ls_v2,fixed_push_mkdir,apex,abb,fixed_push_symlink_timestamp,abb_exec,remount_shell,track_app,sendrecv_v2,sendrecv_v2_brotli,sendrecv_v2_lz4,sendrecv_v2_zstd,sendrecv_v2_dry_run_send,openscreen_mdn...]. HTTP method names must be tokens
	at org.apache.coyote.http11.Http11InputBuffer.parseRequestLine(Http11InputBuffer.java:417) ~[tomcat-embed-core-9.0.43.jar!/:9.0.43]
	at org.apache.coyote.http11.Http11Processor.service(Http11Processor.java:261) ~[tomcat-embed-core-9.0.43.jar!/:9.0.43]
	at org.apache.coyote.AbstractProcessorLight.process(AbstractProcessorLight.java:65) ~[tomcat-embed-core-9.0.43.jar!/:9.0.43]
	at org.apache.coyote.AbstractProtocol$ConnectionHandler.process(AbstractProtocol.java:887) ~[tomcat-embed-core-9.0.43.jar!/:9.0.43]
	at org.apache.tomcat.util.net.NioEndpoint$SocketProcessor.doRun(NioEndpoint.java:1684) ~[tomcat-embed-core-9.0.43.jar!/:9.0.43]
	at org.apache.tomcat.util.net.SocketProcessorBase.run(SocketProcessorBase.java:49) ~[tomcat-embed-core-9.0.43.jar!/:9.0.43]
	at java.base/java.util.concurrent.ThreadPoolExecutor.runWorker(ThreadPoolExecutor.java:1136) ~[na:na]
	at java.base/java.util.concurrent.ThreadPoolExecutor$Worker.run(ThreadPoolExecutor.java:635) ~[na:na]
	at org.apache.tomcat.util.threads.TaskThread$WrappingRunnable.run(TaskThread.java:61) ~[tomcat-embed-core-9.0.43.jar!/:9.0.43]
	at java.base/java.lang.Thread.run(Thread.java:833) ~[na:na]

2023-02-19 15:10:37.481  INFO 19389 --- [nio-5555-exec-2] c.netflix.config.ChainedDynamicProperty  : Flipping property: auth.ribbon.ActiveConnectionsLimit to use NEXT property: niws.loadbalancer.availabilityFilteringRule.activeConnectionsLimit = 2147483647
2023-02-19 15:10:37.614  INFO 19389 --- [nio-5555-exec-2] c.n.u.concurrent.ShutdownEnabledTimer    : Shutdown hook installed for: NFLoadBalancer-PingTimer-auth
2023-02-19 15:10:37.615  INFO 19389 --- [nio-5555-exec-2] c.netflix.loadbalancer.BaseLoadBalancer  : Client: auth instantiated a LoadBalancer: DynamicServerListLoadBalancer:{NFLoadBalancer:name=auth,current list of Servers=[],Load balancer stats=Zone stats: {},Server stats: []}ServerList:null
2023-02-19 15:10:37.638  INFO 19389 --- [nio-5555-exec-2] c.n.l.DynamicServerListLoadBalancer      : Using serverListUpdater PollingServerListUpdater
2023-02-19 15:10:37.778  INFO 19389 --- [nio-5555-exec-2] c.netflix.config.ChainedDynamicProperty  : Flipping property: auth.ribbon.ActiveConnectionsLimit to use NEXT property: niws.loadbalancer.availabilityFilteringRule.activeConnectionsLimit = 2147483647
2023-02-19 15:10:37.794  INFO 19389 --- [nio-5555-exec-2] c.n.l.DynamicServerListLoadBalancer      : DynamicServerListLoadBalancer for client auth initialized: DynamicServerListLoadBalancer:{NFLoadBalancer:name=auth,current list of Servers=[172.30.1.20:7070],Load balancer stats=Zone stats: {defaultzone=[Zone:defaultzone;	Instance count:1;	Active connections count: 0;	Circuit breaker tripped count: 0;	Active connections per server: 0.0;]
},Server stats: [[Server:172.30.1.20:7070;	Zone:defaultZone;	Total Requests:0;	Successive connection failure:0;	Total blackout seconds:0;	Last connection made:Thu Jan 01 09:00:00 KST 1970;	First connection made: Thu Jan 01 09:00:00 KST 1970;	Active Connections:0;	total failure count in last (1000) msecs:0;	average resp time:0.0;	90 percentile resp time:0.0;	95 percentile resp time:0.0;	min resp time:0.0;	max resp time:0.0;	stddev resp time:0.0]
]}ServerList:org.springframework.cloud.netflix.ribbon.eureka.DomainExtractingServerList@11575211
2023-02-19 15:10:38.695  INFO 19389 --- [erListUpdater-0] c.netflix.config.ChainedDynamicProperty  : Flipping property: auth.ribbon.ActiveConnectionsLimit to use NEXT property: niws.loadbalancer.availabilityFilteringRule.activeConnectionsLimit = 2147483647
2023-02-19 15:11:52.907 ERROR 19389 --- [nio-5555-exec-2] com.devpet.apigateway.filter.PreFilter   : authorization error

org.springframework.web.client.ResourceAccessException: I/O error on POST request for "http://auth/oauth/check_token": Operation timed out; nested exception is java.net.ConnectException: Operation timed out
	at com.devpet.apigateway.filter.PreFilter.run(PreFilter.java:87) ~[classes!/:na]
	at com.netflix.zuul.ZuulFilter.runFilter(ZuulFilter.java:117) ~[zuul-core-1.3.1.jar!/:1.3.1]
	at com.netflix.zuul.FilterProcessor.processZuulFilter(FilterProcessor.java:193) ~[zuul-core-1.3.1.jar!/:1.3.1]
	at com.netflix.zuul.FilterProcessor.runFilters(FilterProcessor.java:157) ~[zuul-core-1.3.1.jar!/:1.3.1]
	at com.netflix.zuul.FilterProcessor.preRoute(FilterProcessor.java:133) ~[zuul-core-1.3.1.jar!/:1.3.1]
	at com.netflix.zuul.ZuulRunner.preRoute(ZuulRunner.java:105) ~[zuul-core-1.3.1.jar!/:1.3.1]
	at com.netflix.zuul.http.ZuulServlet.preRoute(ZuulServlet.java:125) ~[zuul-core-1.3.1.jar!/:1.3.1]
	at com.netflix.zuul.http.ZuulServlet.service(ZuulServlet.java:74) ~[zuul-core-1.3.1.jar!/:1.3.1]
	at org.springframework.web.servlet.mvc.ServletWrappingController.handleRequestInternal(ServletWrappingController.java:166) ~[spring-webmvc-5.2.13.RELEASE.jar!/:5.2.13.RELEASE]
	at org.springframework.cloud.netflix.zuul.web.ZuulController.handleRequest(ZuulController.java:45) ~[spring-cloud-netflix-zuul-2.2.7.RELEASE.jar!/:2.2.7.RELEASE]
	at org.springframework.web.servlet.mvc.SimpleControllerHandlerAdapter.handle(SimpleControllerHandlerAdapter.java:52) ~[spring-webmvc-5.2.13.RELEASE.jar!/:5.2.13.RELEASE]
	at org.springframework.web.servlet.DispatcherServlet.doDispatch(DispatcherServlet.java:1040) ~[spring-webmvc-5.2.13.RELEASE.jar!/:5.2.13.RELEASE]
	at org.springframework.web.servlet.DispatcherServlet.doService(DispatcherServlet.java:943) ~[spring-webmvc-5.2.13.RELEASE.jar!/:5.2.13.RELEASE]
	at org.springframework.web.servlet.FrameworkServlet.processRequest(FrameworkServlet.java:1006) ~[spring-webmvc-5.2.13.RELEASE.jar!/:5.2.13.RELEASE]
	at org.springframework.web.servlet.FrameworkServlet.doPost(FrameworkServlet.java:909) ~[spring-webmvc-5.2.13.RELEASE.jar!/:5.2.13.RELEASE]
	at javax.servlet.http.HttpServlet.service(HttpServlet.java:652) ~[tomcat-embed-core-9.0.43.jar!/:4.0.FR]
	at org.springframework.web.servlet.FrameworkServlet.service(FrameworkServlet.java:883) ~[spring-webmvc-5.2.13.RELEASE.jar!/:5.2.13.RELEASE]
	at javax.servlet.http.HttpServlet.service(HttpServlet.java:733) ~[tomcat-embed-core-9.0.43.jar!/:4.0.FR]
	at org.apache.catalina.core.ApplicationFilterChain.internalDoFilter(ApplicationFilterChain.java:227) ~[tomcat-embed-core-9.0.43.jar!/:9.0.43]
	at org.apache.catalina.core.ApplicationFilterChain.doFilter(ApplicationFilterChain.java:162) ~[tomcat-embed-core-9.0.43.jar!/:9.0.43]
	at org.apache.tomcat.websocket.server.WsFilter.doFilter(WsFilter.java:53) ~[tomcat-embed-websocket-9.0.43.jar!/:9.0.43]
	at org.apache.catalina.core.ApplicationFilterChain.internalDoFilter(ApplicationFilterChain.java:189) ~[tomcat-embed-core-9.0.43.jar!/:9.0.43]
	at org.apache.catalina.core.ApplicationFilterChain.doFilter(ApplicationFilterChain.java:162) ~[tomcat-embed-core-9.0.43.jar!/:9.0.43]
	at org.springframework.web.filter.RequestContextFilter.doFilterInternal(RequestContextFilter.java:100) ~[spring-web-5.2.13.RELEASE.jar!/:5.2.13.RELEASE]
	at org.springframework.web.filter.OncePerRequestFilter.doFilter(OncePerRequestFilter.java:119) ~[spring-web-5.2.13.RELEASE.jar!/:5.2.13.RELEASE]
	at org.apache.catalina.core.ApplicationFilterChain.internalDoFilter(ApplicationFilterChain.java:189) ~[tomcat-embed-core-9.0.43.jar!/:9.0.43]
	at org.apache.catalina.core.ApplicationFilterChain.doFilter(ApplicationFilterChain.java:162) ~[tomcat-embed-core-9.0.43.jar!/:9.0.43]
	at org.springframework.web.filter.FormContentFilter.doFilterInternal(FormContentFilter.java:93) ~[spring-web-5.2.13.RELEASE.jar!/:5.2.13.RELEASE]
	at org.springframework.web.filter.OncePerRequestFilter.doFilter(OncePerRequestFilter.java:119) ~[spring-web-5.2.13.RELEASE.jar!/:5.2.13.RELEASE]
	at org.apache.catalina.core.ApplicationFilterChain.internalDoFilter(ApplicationFilterChain.java:189) ~[tomcat-embed-core-9.0.43.jar!/:9.0.43]
	at org.apache.catalina.core.ApplicationFilterChain.doFilter(ApplicationFilterChain.java:162) ~[tomcat-embed-core-9.0.43.jar!/:9.0.43]
	at org.springframework.boot.actuate.metrics.web.servlet.WebMvcMetricsFilter.doFilterInternal(WebMvcMetricsFilter.java:93) ~[spring-boot-actuator-2.3.9.RELEASE.jar!/:2.3.9.RELEASE]
	at org.springframework.web.filter.OncePerRequestFilter.doFilter(OncePerRequestFilter.java:119) ~[spring-web-5.2.13.RELEASE.jar!/:5.2.13.RELEASE]
	at org.apache.catalina.core.ApplicationFilterChain.internalDoFilter(ApplicationFilterChain.java:189) ~[tomcat-embed-core-9.0.43.jar!/:9.0.43]
	at org.apache.catalina.core.ApplicationFilterChain.doFilter(ApplicationFilterChain.java:162) ~[tomcat-embed-core-9.0.43.jar!/:9.0.43]
	at org.springframework.web.filter.CharacterEncodingFilter.doFilterInternal(CharacterEncodingFilter.java:201) ~[spring-web-5.2.13.RELEASE.jar!/:5.2.13.RELEASE]
	at org.springframework.web.filter.OncePerRequestFilter.doFilter(OncePerRequestFilter.java:119) ~[spring-web-5.2.13.RELEASE.jar!/:5.2.13.RELEASE]
	at org.apache.catalina.core.ApplicationFilterChain.internalDoFilter(ApplicationFilterChain.java:189) ~[tomcat-embed-core-9.0.43.jar!/:9.0.43]
	at org.apache.catalina.core.ApplicationFilterChain.doFilter(ApplicationFilterChain.java:162) ~[tomcat-embed-core-9.0.43.jar!/:9.0.43]
	at org.apache.catalina.core.StandardWrapperValve.invoke(StandardWrapperValve.java:202) ~[tomcat-embed-core-9.0.43.jar!/:9.0.43]
	at org.apache.catalina.core.StandardContextValve.invoke(StandardContextValve.java:97) ~[tomcat-embed-core-9.0.43.jar!/:9.0.43]
	at org.apache.catalina.authenticator.AuthenticatorBase.invoke(AuthenticatorBase.java:542) ~[tomcat-embed-core-9.0.43.jar!/:9.0.43]
	at org.apache.catalina.core.StandardHostValve.invoke(StandardHostValve.java:143) ~[tomcat-embed-core-9.0.43.jar!/:9.0.43]
	at org.apache.catalina.valves.ErrorReportValve.invoke(ErrorReportValve.java:92) ~[tomcat-embed-core-9.0.43.jar!/:9.0.43]
	at org.apache.catalina.core.StandardEngineValve.invoke(StandardEngineValve.java:78) ~[tomcat-embed-core-9.0.43.jar!/:9.0.43]
	at org.apache.catalina.connector.CoyoteAdapter.service(CoyoteAdapter.java:346) ~[tomcat-embed-core-9.0.43.jar!/:9.0.43]
	at org.apache.coyote.http11.Http11Processor.service(Http11Processor.java:374) ~[tomcat-embed-core-9.0.43.jar!/:9.0.43]
	at org.apache.coyote.AbstractProcessorLight.process(AbstractProcessorLight.java:65) ~[tomcat-embed-core-9.0.43.jar!/:9.0.43]
	at org.apache.coyote.AbstractProtocol$ConnectionHandler.process(AbstractProtocol.java:887) ~[tomcat-embed-core-9.0.43.jar!/:9.0.43]
	at org.apache.tomcat.util.net.NioEndpoint$SocketProcessor.doRun(NioEndpoint.java:1684) ~[tomcat-embed-core-9.0.43.jar!/:9.0.43]
	at org.apache.tomcat.util.net.SocketProcessorBase.run(SocketProcessorBase.java:49) ~[tomcat-embed-core-9.0.43.jar!/:9.0.43]
	at java.base/java.util.concurrent.ThreadPoolExecutor.runWorker(ThreadPoolExecutor.java:1136) ~[na:na]
	at java.base/java.util.concurrent.ThreadPoolExecutor$Worker.run(ThreadPoolExecutor.java:635) ~[na:na]
	at org.apache.tomcat.util.threads.TaskThread$WrappingRunnable.run(TaskThread.java:61) ~[tomcat-embed-core-9.0.43.jar!/:9.0.43]
	at java.base/java.lang.Thread.run(Thread.java:833) ~[na:na]
Caused by: java.net.ConnectException: Operation timed out
	at java.base/sun.nio.ch.Net.connect0(Native Method) ~[na:na]
	at java.base/sun.nio.ch.Net.connect(Net.java:579) ~[na:na]
	at java.base/sun.nio.ch.Net.connect(Net.java:568) ~[na:na]
	at java.base/sun.nio.ch.NioSocketImpl.connect(NioSocketImpl.java:588) ~[na:na]
	at java.base/java.net.Socket.connect(Socket.java:633) ~[na:na]
	at java.base/java.net.Socket.connect(Socket.java:583) ~[na:na]
	at java.base/sun.net.NetworkClient.doConnect(NetworkClient.java:183) ~[na:na]
	at java.base/sun.net.www.http.HttpClient.openServer(HttpClient.java:532) ~[na:na]
	at java.base/sun.net.www.http.HttpClient.openServer(HttpClient.java:637) ~[na:na]
	at java.base/sun.net.www.http.HttpClient.<init>(HttpClient.java:280) ~[na:na]
	at java.base/sun.net.www.http.HttpClient.New(HttpClient.java:385) ~[na:na]
	at java.base/sun.net.www.http.HttpClient.New(HttpClient.java:407) ~[na:na]
	at java.base/sun.net.www.protocol.http.HttpURLConnection.getNewHttpClient(HttpURLConnection.java:1309) ~[na:na]
	at java.base/sun.net.www.protocol.http.HttpURLConnection.plainConnect0(HttpURLConnection.java:1242) ~[na:na]
	at java.base/sun.net.www.protocol.http.HttpURLConnection.plainConnect(HttpURLConnection.java:1128) ~[na:na]
	at java.base/sun.net.www.protocol.http.HttpURLConnection.connect(HttpURLConnection.java:1057) ~[na:na]
	at org.springframework.http.client.SimpleBufferingClientHttpRequest.executeInternal(SimpleBufferingClientHttpRequest.java:76) ~[spring-web-5.2.13.RELEASE.jar!/:5.2.13.RELEASE]
	at org.springframework.http.client.AbstractBufferingClientHttpRequest.executeInternal(AbstractBufferingClientHttpRequest.java:48) ~[spring-web-5.2.13.RELEASE.jar!/:5.2.13.RELEASE]
	at org.springframework.http.client.AbstractClientHttpRequest.execute(AbstractClientHttpRequest.java:53) ~[spring-web-5.2.13.RELEASE.jar!/:5.2.13.RELEASE]
	at org.springframework.http.client.InterceptingClientHttpRequest$InterceptingRequestExecution.execute(InterceptingClientHttpRequest.java:109) ~[spring-web-5.2.13.RELEASE.jar!/:5.2.13.RELEASE]
	at org.springframework.cloud.client.loadbalancer.LoadBalancerRequestFactory.lambda$createRequest$0(LoadBalancerRequestFactory.java:61) ~[spring-cloud-commons-2.2.7.RELEASE.jar!/:2.2.7.RELEASE]
	at org.springframework.cloud.netflix.ribbon.RibbonLoadBalancerClient.execute(RibbonLoadBalancerClient.java:144) ~[spring-cloud-netflix-ribbon-2.2.7.RELEASE.jar!/:2.2.7.RELEASE]
	at org.springframework.cloud.netflix.ribbon.RibbonLoadBalancerClient.execute(RibbonLoadBalancerClient.java:125) ~[spring-cloud-netflix-ribbon-2.2.7.RELEASE.jar!/:2.2.7.RELEASE]
	at org.springframework.cloud.netflix.ribbon.RibbonLoadBalancerClient.execute(RibbonLoadBalancerClient.java:99) ~[spring-cloud-netflix-ribbon-2.2.7.RELEASE.jar!/:2.2.7.RELEASE]
	at org.springframework.cloud.client.loadbalancer.LoadBalancerInterceptor.intercept(LoadBalancerInterceptor.java:58) ~[spring-cloud-commons-2.2.7.RELEASE.jar!/:2.2.7.RELEASE]
	at org.springframework.http.client.InterceptingClientHttpRequest$InterceptingRequestExecution.execute(InterceptingClientHttpRequest.java:93) ~[spring-web-5.2.13.RELEASE.jar!/:5.2.13.RELEASE]
	at org.springframework.http.client.InterceptingClientHttpRequest.executeInternal(InterceptingClientHttpRequest.java:77) ~[spring-web-5.2.13.RELEASE.jar!/:5.2.13.RELEASE]
	at org.springframework.http.client.AbstractBufferingClientHttpRequest.executeInternal(AbstractBufferingClientHttpRequest.java:48) ~[spring-web-5.2.13.RELEASE.jar!/:5.2.13.RELEASE]
	at org.springframework.http.client.AbstractClientHttpRequest.execute(AbstractClientHttpRequest.java:53) ~[spring-web-5.2.13.RELEASE.jar!/:5.2.13.RELEASE]
	at org.springframework.web.client.RestTemplate.doExecute(RestTemplate.java:737) ~[spring-web-5.2.13.RELEASE.jar!/:5.2.13.RELEASE]
	at org.springframework.web.client.RestTemplate.execute(RestTemplate.java:672) ~[spring-web-5.2.13.RELEASE.jar!/:5.2.13.RELEASE]
	at org.springframework.web.client.RestTemplate.postForEntity(RestTemplate.java:447) ~[spring-web-5.2.13.RELEASE.jar!/:5.2.13.RELEASE]
	at com.devpet.apigateway.filter.PreFilter.run(PreFilter.java:81) ~[classes!/:na]
	... 54 common frames omitted

2023-02-19 15:11:52.926  INFO 19389 --- [nio-5555-exec-2] c.d.apigateway.filter.RoutingFilter      : ===== START Route Filter. =====.
2023-02-19 15:11:52.927  INFO 19389 --- [nio-5555-exec-2] com.devpet.apigateway.filter.PostFilter  : ===== START Post Filter. =====
2023-02-19 15:11:52.928  INFO 19389 --- [nio-5555-exec-2] com.devpet.apigateway.filter.PostFilter  : [Post Filter] HttpStatus : 0, Response HttpBody : 
2023-02-19 15:13:06.404  INFO 19389 --- [nio-5555-exec-9] com.devpet.apigateway.filter.PreFilter   : ===== START Pre Filter. =====
2023-02-19 15:13:06.412  INFO 19389 --- [nio-5555-exec-9] com.devpet.apigateway.filter.PreFilter   : [Pre Filter] : Request reqUri : /api/app/profile HttpBody : {
    "nickname":"skine134",
    "about":"hello world",
    "birth":"1997-06-02",
    "imageUrl":"http://image.gg",
    "petList":[
        {
            "name":"Pozzi",
            "division":"프렌치 불독",
            "birth":"2022-12-31",
            "about":"우리 애기",
            "imageUrl":"",
            "meetDate":"2022-12-31"
        },
        {
            "name":"hulk",
            "division":"프렌치 불독",
            "birth":"2022-12-31",
            "about":"우량아",
            "imageUrl":"",
            "meetDate":"2022-12-31"
        }
    ]
}
2023-02-19 15:14:21.441 ERROR 19389 --- [nio-5555-exec-9] com.devpet.apigateway.filter.PreFilter   : authorization error

org.springframework.web.client.ResourceAccessException: I/O error on POST request for "http://auth/oauth/check_token": Operation timed out; nested exception is java.net.ConnectException: Operation timed out
	at com.devpet.apigateway.filter.PreFilter.run(PreFilter.java:87) ~[classes!/:na]
	at com.netflix.zuul.ZuulFilter.runFilter(ZuulFilter.java:117) ~[zuul-core-1.3.1.jar!/:1.3.1]
	at com.netflix.zuul.FilterProcessor.processZuulFilter(FilterProcessor.java:193) ~[zuul-core-1.3.1.jar!/:1.3.1]
	at com.netflix.zuul.FilterProcessor.runFilters(FilterProcessor.java:157) ~[zuul-core-1.3.1.jar!/:1.3.1]
	at com.netflix.zuul.FilterProcessor.preRoute(FilterProcessor.java:133) ~[zuul-core-1.3.1.jar!/:1.3.1]
	at com.netflix.zuul.ZuulRunner.preRoute(ZuulRunner.java:105) ~[zuul-core-1.3.1.jar!/:1.3.1]
	at com.netflix.zuul.http.ZuulServlet.preRoute(ZuulServlet.java:125) ~[zuul-core-1.3.1.jar!/:1.3.1]
	at com.netflix.zuul.http.ZuulServlet.service(ZuulServlet.java:74) ~[zuul-core-1.3.1.jar!/:1.3.1]
	at org.springframework.web.servlet.mvc.ServletWrappingController.handleRequestInternal(ServletWrappingController.java:166) ~[spring-webmvc-5.2.13.RELEASE.jar!/:5.2.13.RELEASE]
	at org.springframework.cloud.netflix.zuul.web.ZuulController.handleRequest(ZuulController.java:45) ~[spring-cloud-netflix-zuul-2.2.7.RELEASE.jar!/:2.2.7.RELEASE]
	at org.springframework.web.servlet.mvc.SimpleControllerHandlerAdapter.handle(SimpleControllerHandlerAdapter.java:52) ~[spring-webmvc-5.2.13.RELEASE.jar!/:5.2.13.RELEASE]
	at org.springframework.web.servlet.DispatcherServlet.doDispatch(DispatcherServlet.java:1040) ~[spring-webmvc-5.2.13.RELEASE.jar!/:5.2.13.RELEASE]
	at org.springframework.web.servlet.DispatcherServlet.doService(DispatcherServlet.java:943) ~[spring-webmvc-5.2.13.RELEASE.jar!/:5.2.13.RELEASE]
	at org.springframework.web.servlet.FrameworkServlet.processRequest(FrameworkServlet.java:1006) ~[spring-webmvc-5.2.13.RELEASE.jar!/:5.2.13.RELEASE]
	at org.springframework.web.servlet.FrameworkServlet.doPost(FrameworkServlet.java:909) ~[spring-webmvc-5.2.13.RELEASE.jar!/:5.2.13.RELEASE]
	at javax.servlet.http.HttpServlet.service(HttpServlet.java:652) ~[tomcat-embed-core-9.0.43.jar!/:4.0.FR]
	at org.springframework.web.servlet.FrameworkServlet.service(FrameworkServlet.java:883) ~[spring-webmvc-5.2.13.RELEASE.jar!/:5.2.13.RELEASE]
	at javax.servlet.http.HttpServlet.service(HttpServlet.java:733) ~[tomcat-embed-core-9.0.43.jar!/:4.0.FR]
	at org.apache.catalina.core.ApplicationFilterChain.internalDoFilter(ApplicationFilterChain.java:227) ~[tomcat-embed-core-9.0.43.jar!/:9.0.43]
	at org.apache.catalina.core.ApplicationFilterChain.doFilter(ApplicationFilterChain.java:162) ~[tomcat-embed-core-9.0.43.jar!/:9.0.43]
	at org.apache.tomcat.websocket.server.WsFilter.doFilter(WsFilter.java:53) ~[tomcat-embed-websocket-9.0.43.jar!/:9.0.43]
	at org.apache.catalina.core.ApplicationFilterChain.internalDoFilter(ApplicationFilterChain.java:189) ~[tomcat-embed-core-9.0.43.jar!/:9.0.43]
	at org.apache.catalina.core.ApplicationFilterChain.doFilter(ApplicationFilterChain.java:162) ~[tomcat-embed-core-9.0.43.jar!/:9.0.43]
	at org.springframework.web.filter.RequestContextFilter.doFilterInternal(RequestContextFilter.java:100) ~[spring-web-5.2.13.RELEASE.jar!/:5.2.13.RELEASE]
	at org.springframework.web.filter.OncePerRequestFilter.doFilter(OncePerRequestFilter.java:119) ~[spring-web-5.2.13.RELEASE.jar!/:5.2.13.RELEASE]
	at org.apache.catalina.core.ApplicationFilterChain.internalDoFilter(ApplicationFilterChain.java:189) ~[tomcat-embed-core-9.0.43.jar!/:9.0.43]
	at org.apache.catalina.core.ApplicationFilterChain.doFilter(ApplicationFilterChain.java:162) ~[tomcat-embed-core-9.0.43.jar!/:9.0.43]
	at org.springframework.web.filter.FormContentFilter.doFilterInternal(FormContentFilter.java:93) ~[spring-web-5.2.13.RELEASE.jar!/:5.2.13.RELEASE]
	at org.springframework.web.filter.OncePerRequestFilter.doFilter(OncePerRequestFilter.java:119) ~[spring-web-5.2.13.RELEASE.jar!/:5.2.13.RELEASE]
	at org.apache.catalina.core.ApplicationFilterChain.internalDoFilter(ApplicationFilterChain.java:189) ~[tomcat-embed-core-9.0.43.jar!/:9.0.43]
	at org.apache.catalina.core.ApplicationFilterChain.doFilter(ApplicationFilterChain.java:162) ~[tomcat-embed-core-9.0.43.jar!/:9.0.43]
	at org.springframework.boot.actuate.metrics.web.servlet.WebMvcMetricsFilter.doFilterInternal(WebMvcMetricsFilter.java:93) ~[spring-boot-actuator-2.3.9.RELEASE.jar!/:2.3.9.RELEASE]
	at org.springframework.web.filter.OncePerRequestFilter.doFilter(OncePerRequestFilter.java:119) ~[spring-web-5.2.13.RELEASE.jar!/:5.2.13.RELEASE]
	at org.apache.catalina.core.ApplicationFilterChain.internalDoFilter(ApplicationFilterChain.java:189) ~[tomcat-embed-core-9.0.43.jar!/:9.0.43]
	at org.apache.catalina.core.ApplicationFilterChain.doFilter(ApplicationFilterChain.java:162) ~[tomcat-embed-core-9.0.43.jar!/:9.0.43]
	at org.springframework.web.filter.CharacterEncodingFilter.doFilterInternal(CharacterEncodingFilter.java:201) ~[spring-web-5.2.13.RELEASE.jar!/:5.2.13.RELEASE]
	at org.springframework.web.filter.OncePerRequestFilter.doFilter(OncePerRequestFilter.java:119) ~[spring-web-5.2.13.RELEASE.jar!/:5.2.13.RELEASE]
	at org.apache.catalina.core.ApplicationFilterChain.internalDoFilter(ApplicationFilterChain.java:189) ~[tomcat-embed-core-9.0.43.jar!/:9.0.43]
	at org.apache.catalina.core.ApplicationFilterChain.doFilter(ApplicationFilterChain.java:162) ~[tomcat-embed-core-9.0.43.jar!/:9.0.43]
	at org.apache.catalina.core.StandardWrapperValve.invoke(StandardWrapperValve.java:202) ~[tomcat-embed-core-9.0.43.jar!/:9.0.43]
	at org.apache.catalina.core.StandardContextValve.invoke(StandardContextValve.java:97) ~[tomcat-embed-core-9.0.43.jar!/:9.0.43]
	at org.apache.catalina.authenticator.AuthenticatorBase.invoke(AuthenticatorBase.java:542) ~[tomcat-embed-core-9.0.43.jar!/:9.0.43]
	at org.apache.catalina.core.StandardHostValve.invoke(StandardHostValve.java:143) ~[tomcat-embed-core-9.0.43.jar!/:9.0.43]
	at org.apache.catalina.valves.ErrorReportValve.invoke(ErrorReportValve.java:92) ~[tomcat-embed-core-9.0.43.jar!/:9.0.43]
	at org.apache.catalina.core.StandardEngineValve.invoke(StandardEngineValve.java:78) ~[tomcat-embed-core-9.0.43.jar!/:9.0.43]
	at org.apache.catalina.connector.CoyoteAdapter.service(CoyoteAdapter.java:346) ~[tomcat-embed-core-9.0.43.jar!/:9.0.43]
	at org.apache.coyote.http11.Http11Processor.service(Http11Processor.java:374) ~[tomcat-embed-core-9.0.43.jar!/:9.0.43]
	at org.apache.coyote.AbstractProcessorLight.process(AbstractProcessorLight.java:65) ~[tomcat-embed-core-9.0.43.jar!/:9.0.43]
	at org.apache.coyote.AbstractProtocol$ConnectionHandler.process(AbstractProtocol.java:887) ~[tomcat-embed-core-9.0.43.jar!/:9.0.43]
	at org.apache.tomcat.util.net.NioEndpoint$SocketProcessor.doRun(NioEndpoint.java:1684) ~[tomcat-embed-core-9.0.43.jar!/:9.0.43]
	at org.apache.tomcat.util.net.SocketProcessorBase.run(SocketProcessorBase.java:49) ~[tomcat-embed-core-9.0.43.jar!/:9.0.43]
	at java.base/java.util.concurrent.ThreadPoolExecutor.runWorker(ThreadPoolExecutor.java:1136) ~[na:na]
	at java.base/java.util.concurrent.ThreadPoolExecutor$Worker.run(ThreadPoolExecutor.java:635) ~[na:na]
	at org.apache.tomcat.util.threads.TaskThread$WrappingRunnable.run(TaskThread.java:61) ~[tomcat-embed-core-9.0.43.jar!/:9.0.43]
	at java.base/java.lang.Thread.run(Thread.java:833) ~[na:na]
Caused by: java.net.ConnectException: Operation timed out
	at java.base/sun.nio.ch.Net.connect0(Native Method) ~[na:na]
	at java.base/sun.nio.ch.Net.connect(Net.java:579) ~[na:na]
	at java.base/sun.nio.ch.Net.connect(Net.java:568) ~[na:na]
	at java.base/sun.nio.ch.NioSocketImpl.connect(NioSocketImpl.java:588) ~[na:na]
	at java.base/java.net.Socket.connect(Socket.java:633) ~[na:na]
	at java.base/java.net.Socket.connect(Socket.java:583) ~[na:na]
	at java.base/sun.net.NetworkClient.doConnect(NetworkClient.java:183) ~[na:na]
	at java.base/sun.net.www.http.HttpClient.openServer(HttpClient.java:532) ~[na:na]
	at java.base/sun.net.www.http.HttpClient.openServer(HttpClient.java:637) ~[na:na]
	at java.base/sun.net.www.http.HttpClient.<init>(HttpClient.java:280) ~[na:na]
	at java.base/sun.net.www.http.HttpClient.New(HttpClient.java:385) ~[na:na]
	at java.base/sun.net.www.http.HttpClient.New(HttpClient.java:407) ~[na:na]
	at java.base/sun.net.www.protocol.http.HttpURLConnection.getNewHttpClient(HttpURLConnection.java:1309) ~[na:na]
	at java.base/sun.net.www.protocol.http.HttpURLConnection.plainConnect0(HttpURLConnection.java:1242) ~[na:na]
	at java.base/sun.net.www.protocol.http.HttpURLConnection.plainConnect(HttpURLConnection.java:1128) ~[na:na]
	at java.base/sun.net.www.protocol.http.HttpURLConnection.connect(HttpURLConnection.java:1057) ~[na:na]
	at org.springframework.http.client.SimpleBufferingClientHttpRequest.executeInternal(SimpleBufferingClientHttpRequest.java:76) ~[spring-web-5.2.13.RELEASE.jar!/:5.2.13.RELEASE]
	at org.springframework.http.client.AbstractBufferingClientHttpRequest.executeInternal(AbstractBufferingClientHttpRequest.java:48) ~[spring-web-5.2.13.RELEASE.jar!/:5.2.13.RELEASE]
	at org.springframework.http.client.AbstractClientHttpRequest.execute(AbstractClientHttpRequest.java:53) ~[spring-web-5.2.13.RELEASE.jar!/:5.2.13.RELEASE]
	at org.springframework.http.client.InterceptingClientHttpRequest$InterceptingRequestExecution.execute(InterceptingClientHttpRequest.java:109) ~[spring-web-5.2.13.RELEASE.jar!/:5.2.13.RELEASE]
	at org.springframework.cloud.client.loadbalancer.LoadBalancerRequestFactory.lambda$createRequest$0(LoadBalancerRequestFactory.java:61) ~[spring-cloud-commons-2.2.7.RELEASE.jar!/:2.2.7.RELEASE]
	at org.springframework.cloud.netflix.ribbon.RibbonLoadBalancerClient.execute(RibbonLoadBalancerClient.java:144) ~[spring-cloud-netflix-ribbon-2.2.7.RELEASE.jar!/:2.2.7.RELEASE]
	at org.springframework.cloud.netflix.ribbon.RibbonLoadBalancerClient.execute(RibbonLoadBalancerClient.java:125) ~[spring-cloud-netflix-ribbon-2.2.7.RELEASE.jar!/:2.2.7.RELEASE]
	at org.springframework.cloud.netflix.ribbon.RibbonLoadBalancerClient.execute(RibbonLoadBalancerClient.java:99) ~[spring-cloud-netflix-ribbon-2.2.7.RELEASE.jar!/:2.2.7.RELEASE]
	at org.springframework.cloud.client.loadbalancer.LoadBalancerInterceptor.intercept(LoadBalancerInterceptor.java:58) ~[spring-cloud-commons-2.2.7.RELEASE.jar!/:2.2.7.RELEASE]
	at org.springframework.http.client.InterceptingClientHttpRequest$InterceptingRequestExecution.execute(InterceptingClientHttpRequest.java:93) ~[spring-web-5.2.13.RELEASE.jar!/:5.2.13.RELEASE]
	at org.springframework.http.client.InterceptingClientHttpRequest.executeInternal(InterceptingClientHttpRequest.java:77) ~[spring-web-5.2.13.RELEASE.jar!/:5.2.13.RELEASE]
	at org.springframework.http.client.AbstractBufferingClientHttpRequest.executeInternal(AbstractBufferingClientHttpRequest.java:48) ~[spring-web-5.2.13.RELEASE.jar!/:5.2.13.RELEASE]
	at org.springframework.http.client.AbstractClientHttpRequest.execute(AbstractClientHttpRequest.java:53) ~[spring-web-5.2.13.RELEASE.jar!/:5.2.13.RELEASE]
	at org.springframework.web.client.RestTemplate.doExecute(RestTemplate.java:737) ~[spring-web-5.2.13.RELEASE.jar!/:5.2.13.RELEASE]
	at org.springframework.web.client.RestTemplate.execute(RestTemplate.java:672) ~[spring-web-5.2.13.RELEASE.jar!/:5.2.13.RELEASE]
	at org.springframework.web.client.RestTemplate.postForEntity(RestTemplate.java:447) ~[spring-web-5.2.13.RELEASE.jar!/:5.2.13.RELEASE]
	at com.devpet.apigateway.filter.PreFilter.run(PreFilter.java:81) ~[classes!/:na]
	... 54 common frames omitted

2023-02-19 15:14:21.450  INFO 19389 --- [nio-5555-exec-9] c.d.apigateway.filter.RoutingFilter      : ===== START Route Filter. =====.
2023-02-19 15:14:21.451  INFO 19389 --- [nio-5555-exec-9] com.devpet.apigateway.filter.PostFilter  : ===== START Post Filter. =====
2023-02-19 15:14:21.451  INFO 19389 --- [nio-5555-exec-9] com.devpet.apigateway.filter.PostFilter  : [Post Filter] HttpStatus : 0, Response HttpBody : 
2023-02-19 15:14:37.689  INFO 19389 --- [io-5555-exec-10] com.devpet.apigateway.filter.PreFilter   : ===== START Pre Filter. =====
2023-02-19 15:14:37.690  INFO 19389 --- [io-5555-exec-10] com.devpet.apigateway.filter.PreFilter   : [Pre Filter] : Request reqUri : /api/auth/oauth/token HttpBody : grant_type=password&username=skine134%40naver.com&password=qwer%21%40%23%24&scope=trust
2023-02-19 15:14:37.694  INFO 19389 --- [io-5555-exec-10] c.d.apigateway.filter.RoutingFilter      : ===== START Route Filter. =====.
2023-02-19 15:14:39.522  INFO 19389 --- [io-5555-exec-10] com.devpet.apigateway.filter.PostFilter  : ===== START Post Filter. =====
2023-02-19 15:14:39.522  INFO 19389 --- [io-5555-exec-10] com.devpet.apigateway.filter.PostFilter  : [Post Filter] HttpStatus : 200, Response HttpBody : {"access_token":"eyJhbGciOiJIUzI1NiIsInR5cCI6IkpXVCJ9.eyJzY29wZSI6WyJ0cnVzdCJdLCJleHAiOjE2NzY4MjMyNzksInVzZXJJZCI6MywiYXV0aG9yaXRpZXMiOlsiUk9MRV9VU0VSIl0sImp0aSI6ImNkMzEzMmVlLWU4YzItNDU1My1iNjM4LTZjM2Y0NDQ1MmM3MSIsImNsaWVudF9pZCI6ImRldiIsInVzZXJuYW1lIjoic2tpbmUxMzRAbmF2ZXIuY29tIn0.sxSrW__hUXMrXIb6fyPxsGxJ_FFvuqk6btiUn1Uidys","token_type":"bearer","refresh_token":"eyJhbGciOiJIUzI1NiIsInR5cCI6IkpXVCJ9.eyJzY29wZSI6WyJ0cnVzdCJdLCJhdGkiOiJjZDMxMzJlZS1lOGMyLTQ1NTMtYjYzOC02YzNmNDQ0NTJjNzEiLCJleHAiOjE2NzY4MzcyNzksInVzZXJJZCI6MywiYXV0aG9yaXRpZXMiOlsiUk9MRV9VU0VSIl0sImp0aSI6ImJhZmFmY2Q1LWUzZjAtNDc2My04YTc2LTQ4MzVmMDA3YzNhYyIsImNsaWVudF9pZCI6ImRldiIsInVzZXJuYW1lIjoic2tpbmUxMzRAbmF2ZXIuY29tIn0.1w_a4eEx1MyT3Q30TqEwcaEA2BSvRwRrs0a9CuM0xCk","expires_in":35999,"scope":"trust","userId":3,"jti":"cd3132ee-e8c2-4553-b638-6c3f44452c71"}
2023-02-19 15:14:43.025  INFO 19389 --- [nio-5555-exec-6] com.devpet.apigateway.filter.PreFilter   : ===== START Pre Filter. =====
2023-02-19 15:14:43.026  INFO 19389 --- [nio-5555-exec-6] com.devpet.apigateway.filter.PreFilter   : [Pre Filter] : Request reqUri : /api/auth/oauth/check_token HttpBody : token=eyJhbGciOiJIUzI1NiIsInR5cCI6IkpXVCJ9.eyJzY29wZSI6WyJ0cnVzdCJdLCJleHAiOjE2NzY4MjMyNzksInVzZXJJZCI6MywiYXV0aG9yaXRpZXMiOlsiUk9MRV9VU0VSIl0sImp0aSI6ImNkMzEzMmVlLWU4YzItNDU1My1iNjM4LTZjM2Y0NDQ1MmM3MSIsImNsaWVudF9pZCI6ImRldiIsInVzZXJuYW1lIjoic2tpbmUxMzRAbmF2ZXIuY29tIn0.sxSrW__hUXMrXIb6fyPxsGxJ_FFvuqk6btiUn1Uidys
2023-02-19 15:14:43.029  INFO 19389 --- [nio-5555-exec-6] c.d.apigateway.filter.RoutingFilter      : ===== START Route Filter. =====.
2023-02-19 15:14:43.231  INFO 19389 --- [nio-5555-exec-6] com.devpet.apigateway.filter.PostFilter  : ===== START Post Filter. =====
2023-02-19 15:14:43.232  INFO 19389 --- [nio-5555-exec-6] com.devpet.apigateway.filter.PostFilter  : [Post Filter] HttpStatus : 200, Response HttpBody : {"user_name":"skine134@naver.com","scope":["trust"],"active":true,"exp":1676823279,"userId":3,"authorities":["ROLE_USER"],"jti":"cd3132ee-e8c2-4553-b638-6c3f44452c71","client_id":"dev","username":"skine134@naver.com"}
2023-02-19 15:14:47.162  INFO 19389 --- [nio-5555-exec-2] com.devpet.apigateway.filter.PreFilter   : ===== START Pre Filter. =====
2023-02-19 15:14:47.164  INFO 19389 --- [nio-5555-exec-2] com.devpet.apigateway.filter.PreFilter   : [Pre Filter] : Request reqUri : /api/app/profile HttpBody : {
    "nickname":"skine134",
    "about":"hello world",
    "birth":"1997-06-02",
    "imageUrl":"http://image.gg",
    "petList":[
        {
            "name":"Pozzi",
            "division":"프렌치 불독",
            "birth":"2022-12-31",
            "about":"우리 애기",
            "imageUrl":"",
            "meetDate":"2022-12-31"
        },
        {
            "name":"hulk",
            "division":"프렌치 불독",
            "birth":"2022-12-31",
            "about":"우량아",
            "imageUrl":"",
            "meetDate":"2022-12-31"
        }
    ]
}
2023-02-19 15:14:47.341  INFO 19389 --- [nio-5555-exec-2] c.d.apigateway.filter.RoutingFilter      : ===== START Route Filter. =====.
2023-02-19 15:14:47.554  INFO 19389 --- [nio-5555-exec-2] c.netflix.config.ChainedDynamicProperty  : Flipping property: app.ribbon.ActiveConnectionsLimit to use NEXT property: niws.loadbalancer.availabilityFilteringRule.activeConnectionsLimit = 2147483647
2023-02-19 15:14:47.557  INFO 19389 --- [nio-5555-exec-2] c.n.u.concurrent.ShutdownEnabledTimer    : Shutdown hook installed for: NFLoadBalancer-PingTimer-app
2023-02-19 15:14:47.557  INFO 19389 --- [nio-5555-exec-2] c.netflix.loadbalancer.BaseLoadBalancer  : Client: app instantiated a LoadBalancer: DynamicServerListLoadBalancer:{NFLoadBalancer:name=app,current list of Servers=[],Load balancer stats=Zone stats: {},Server stats: []}ServerList:null
2023-02-19 15:14:47.558  INFO 19389 --- [nio-5555-exec-2] c.n.l.DynamicServerListLoadBalancer      : Using serverListUpdater PollingServerListUpdater
2023-02-19 15:14:47.564  INFO 19389 --- [nio-5555-exec-2] c.netflix.config.ChainedDynamicProperty  : Flipping property: app.ribbon.ActiveConnectionsLimit to use NEXT property: niws.loadbalancer.availabilityFilteringRule.activeConnectionsLimit = 2147483647
2023-02-19 15:14:47.566  INFO 19389 --- [nio-5555-exec-2] c.n.l.DynamicServerListLoadBalancer      : DynamicServerListLoadBalancer for client app initialized: DynamicServerListLoadBalancer:{NFLoadBalancer:name=app,current list of Servers=[192.168.123.105:9090],Load balancer stats=Zone stats: {defaultzone=[Zone:defaultzone;	Instance count:1;	Active connections count: 0;	Circuit breaker tripped count: 0;	Active connections per server: 0.0;]
},Server stats: [[Server:192.168.123.105:9090;	Zone:defaultZone;	Total Requests:0;	Successive connection failure:0;	Total blackout seconds:0;	Last connection made:Thu Jan 01 09:00:00 KST 1970;	First connection made: Thu Jan 01 09:00:00 KST 1970;	Active Connections:0;	total failure count in last (1000) msecs:0;	average resp time:0.0;	90 percentile resp time:0.0;	95 percentile resp time:0.0;	min resp time:0.0;	max resp time:0.0;	stddev resp time:0.0]
]}ServerList:org.springframework.cloud.netflix.ribbon.eureka.DomainExtractingServerList@74efe93a
2023-02-19 15:14:48.569  INFO 19389 --- [erListUpdater-1] c.netflix.config.ChainedDynamicProperty  : Flipping property: app.ribbon.ActiveConnectionsLimit to use NEXT property: niws.loadbalancer.availabilityFilteringRule.activeConnectionsLimit = 2147483647
2023-02-19 15:14:58.548  INFO 19389 --- [nio-5555-exec-2] com.devpet.apigateway.filter.PostFilter  : ===== START Post Filter. =====
2023-02-19 15:14:58.551  INFO 19389 --- [nio-5555-exec-2] com.devpet.apigateway.filter.PostFilter  : [Post Filter] HttpStatus : 500, Response HttpBody : {"timestamp":"2023-02-19T06:14:58.457+00:00","status":500,"error":"Internal Server Error","trace":"feign.RetryableException: connect timed out executing POST http://relation/userinfo\n\tat feign.FeignException.errorExecuting(FeignException.java:268)\n\tat feign.SynchronousMethodHandler.executeAndDecode(SynchronousMethodHandler.java:131)\n\tat feign.SynchronousMethodHandler.invoke(SynchronousMethodHandler.java:91)\n\tat feign.ReflectiveFeign$FeignInvocationHandler.invoke(ReflectiveFeign.java:100)\n\tat org.springframework.cloud.openfeign.FeignCachingInvocationHandlerFactory$1.proceed(FeignCachingInvocationHandlerFactory.java:66)\n\tat org.springframework.cache.interceptor.CacheInterceptor.lambda$invoke$0(CacheInterceptor.java:54)\n\tat org.springframework.cache.interceptor.CacheAspectSupport.execute(CacheAspectSupport.java:351)\n\tat org.springframework.cache.interceptor.CacheInterceptor.invoke(CacheInterceptor.java:64)\n\tat org.springframework.cloud.openfeign.FeignCachingInvocationHandlerFactory.lambda$create$1(FeignCachingInvocationHandlerFactory.java:53)\n\tat com.sun.proxy.$Proxy134.saveUserInfo(Unknown Source)\n\tat com.smilegate.devpet.appserver.service.ProfileService.sendToRelationServer(ProfileService.java:52)\n\tat com.smilegate.devpet.appserver.service.ProfileService.postProfile(ProfileService.java:28)\n\tat com.smilegate.devpet.appserver.controller.ProfileController.postProfile(ProfileController.java:23)\n\tat sun.reflect.NativeMethodAccessorImpl.invoke0(Native Method)\n\tat sun.reflect.NativeMethodAccessorImpl.invoke(NativeMethodAccessorImpl.java:62)\n\tat sun.reflect.DelegatingMethodAccessorImpl.invoke(DelegatingMethodAccessorImpl.java:43)\n\tat java.lang.reflect.Method.invoke(Method.java:498)\n\tat org.springframework.web.method.support.InvocableHandlerMethod.doInvoke(InvocableHandlerMethod.java:205)\n\tat org.springframework.web.method.support.InvocableHandlerMethod.invokeForRequest(InvocableHandlerMethod.java:150)\n\tat org.springframework.web.servlet.mvc.method.annotation.ServletInvocableHandlerMethod.invokeAndHandle(ServletInvocableHandlerMethod.java:117)\n\tat org.springframework.web.servlet.mvc.method.annotation.RequestMappingHandlerAdapter.invokeHandlerMethod(RequestMappingHandlerAdapter.java:895)\n\tat org.springframework.web.servlet.mvc.method.annotation.RequestMappingHandlerAdapter.handleInternal(RequestMappingHandlerAdapter.java:808)\n\tat org.springframework.web.servlet.mvc.method.AbstractHandlerMethodAdapter.handle(AbstractHandlerMethodAdapter.java:87)\n\tat org.springframework.web.servlet.DispatcherServlet.doDispatch(DispatcherServlet.java:1067)\n\tat org.springframework.web.servlet.DispatcherServlet.doService(DispatcherServlet.java:963)\n\tat org.springframework.web.servlet.FrameworkServlet.processRequest(FrameworkServlet.java:1006)\n\tat org.springframework.web.servlet.FrameworkServlet.doPost(FrameworkServlet.java:909)\n\tat javax.servlet.http.HttpServlet.service(HttpServlet.java:681)\n\tat org.springframework.web.servlet.FrameworkServlet.service(FrameworkServlet.java:883)\n\tat javax.servlet.http.HttpServlet.service(HttpServlet.java:764)\n\tat org.apache.catalina.core.ApplicationFilterChain.internalDoFilter(ApplicationFilterChain.java:227)\n\tat org.apache.catalina.core.ApplicationFilterChain.doFilter(ApplicationFilterChain.java:162)\n\tat org.apache.tomcat.websocket.server.WsFilter.doFilter(WsFilter.java:53)\n\tat org.apache.catalina.core.ApplicationFilterChain.internalDoFilter(ApplicationFilterChain.java:189)\n\tat org.apache.catalina.core.ApplicationFilterChain.doFilter(ApplicationFilterChain.java:162)\n\tat org.springframework.web.filter.RequestContextFilter.doFilterInternal(RequestContextFilter.java:100)\n\tat org.springframework.web.filter.OncePerRequestFilter.doFilter(OncePerRequestFilter.java:117)\n\tat org.apache.catalina.core.ApplicationFilterChain.internalDoFilter(ApplicationFilterChain.java:189)\n\tat org.apache.catalina.core.ApplicationFilterChain.doFilter(ApplicationFilterChain.java:162)\n\tat org.springframework.web.filter.FormContentFilter.doFilterInternal(FormContentFilter.java:93)\n\tat org.springframework.web.filter.OncePerRequestFilter.doFilter(OncePerRequestFilter.java:117)\n\tat org.apache.catalina.core.ApplicationFilterChain.internalDoFilter(ApplicationFilterChain.java:189)\n\tat org.apache.catalina.core.ApplicationFilterChain.doFilter(ApplicationFilterChain.java:162)\n\tat org.springframework.boot.actuate.metrics.web.servlet.WebMvcMetricsFilter.doFilterInternal(WebMvcMetricsFilter.java:96)\n\tat org.springframework.web.filter.OncePerRequestFilter.doFilter(OncePerRequestFilter.java:117)\n\tat org.apache.catalina.core.ApplicationFilterChain.internalDoFilter(ApplicationFilterChain.java:189)\n\tat org.apache.catalina.core.ApplicationFilterChain.doFilter(ApplicationFilterChain.java:162)\n\tat org.springframework.web.filter.CharacterEncodingFilter.doFilterInternal(CharacterEncodingFilter.java:201)\n\tat org.springframework.web.filter.OncePerRequestFilter.doFilter(OncePerRequestFilter.java:117)\n\tat org.apache.catalina.core.ApplicationFilterChain.internalDoFilter(ApplicationFilterChain.java:189)\n\tat org.apache.catalina.core.ApplicationFilterChain.doFilter(ApplicationFilterChain.java:162)\n\tat org.apache.catalina.core.StandardWrapperValve.invoke(StandardWrapperValve.java:197)\n\tat org.apache.catalina.core.StandardContextValve.invoke(StandardContextValve.java:97)\n\tat org.apache.catalina.authenticator.AuthenticatorBase.invoke(AuthenticatorBase.java:541)\n\tat org.apache.catalina.core.StandardHostValve.invoke(StandardHostValve.java:135)\n\tat org.apache.catalina.valves.ErrorReportValve.invoke(ErrorReportValve.java:92)\n\tat org.apache.catalina.core.StandardEngineValve.invoke(StandardEngineValve.java:78)\n\tat org.apache.catalina.connector.CoyoteAdapter.service(CoyoteAdapter.java:360)\n\tat org.apache.coyote.http11.Http11Processor.service(Http11Processor.java:399)\n\tat org.apache.coyote.AbstractProcessorLight.process(AbstractProcessorLight.java:65)\n\tat org.apache.coyote.AbstractProtocol$ConnectionHandler.process(AbstractProtocol.java:889)\n\tat org.apache.tomcat.util.net.NioEndpoint$SocketProcessor.doRun(NioEndpoint.java:1743)\n\tat org.apache.tomcat.util.net.SocketProcessorBase.run(SocketProcessorBase.java:49)\n\tat org.apache.tomcat.util.threads.ThreadPoolExecutor.runWorker(ThreadPoolExecutor.java:1191)\n\tat org.apache.tomcat.util.threads.ThreadPoolExecutor$Worker.run(ThreadPoolExecutor.java:659)\n\tat org.apache.tomcat.util.threads.TaskThread$WrappingRunnable.run(TaskThread.java:61)\n\tat java.lang.Thread.run(Thread.java:750)\nCaused by: java.net.SocketTimeoutException: connect timed out\n\tat java.net.PlainSocketImpl.socketConnect(Native Method)\n\tat java.net.AbstractPlainSocketImpl.doConnect(AbstractPlainSocketImpl.java:476)\n\tat java.net.AbstractPlainSocketImpl.connectToAddress(AbstractPlainSocketImpl.java:218)\n\tat java.net.AbstractPlainSocketImpl.connect(AbstractPlainSocketImpl.java:200)\n\tat java.net.SocksSocketImpl.connect(SocksSocketImpl.java:394)\n\tat java.net.Socket.connect(Socket.java:606)\n\tat sun.net.NetworkClient.doConnect(NetworkClient.java:175)\n\tat sun.net.www.http.HttpClient.openServer(HttpClient.java:499)\n\tat sun.net.www.http.HttpClient.openServer(HttpClient.java:594)\n\tat sun.net.www.http.HttpClient.<init>(HttpClient.java:278)\n\tat sun.net.www.http.HttpClient.New(HttpClient.java:375)\n\tat sun.net.www.http.HttpClient.New(HttpClient.java:393)\n\tat sun.net.www.protocol.http.HttpURLConnection.getNewHttpClient(HttpURLConnection.java:1240)\n\tat sun.net.www.protocol.http.HttpURLConnection.plainConnect0(HttpURLConnection.java:1167)\n\tat sun.net.www.protocol.http.HttpURLConnection.plainConnect(HttpURLConnection.java:1061)\n\tat sun.net.www.protocol.http.HttpURLConnection.connect(HttpURLConnection.java:995)\n\tat sun.net.www.protocol.http.HttpURLConnection.getOutputStream0(HttpURLConnection.java:1354)\n\tat sun.net.www.protocol.http.HttpURLConnection.getOutputStream(HttpURLConnection.java:1329)\n\tat feign.Client$Default.convertAndSend(Client.java:208)\n\tat feign.Client$Default.execute(Client.java:105)\n\tat org.springframework.cloud.openfeign.loadbalancer.LoadBalancerUtils.executeWithLoadBalancerLifecycleProcessing(LoadBalancerUtils.java:57)\n\tat org.springframework.cloud.openfeign.loadbalancer.LoadBalancerUtils.executeWithLoadBalancerLifecycleProcessing(LoadBalancerUtils.java:95)\n\tat org.springframework.cloud.openfeign.loadbalancer.FeignBlockingLoadBalancerClient.execute(FeignBlockingLoadBalancerClient.java:114)\n\tat feign.SynchronousMethodHandler.executeAndDecode(SynchronousMethodHandler.java:121)\n\t... 65 more\n","message":"connect timed out executing POST http://relation/userinfo","path":"/profile"}
2023-02-19 15:15:10.411  INFO 19389 --- [trap-executor-0] c.n.d.s.r.aws.ConfigClusterResolver      : Resolving eureka endpoints via configuration
2023-02-19 15:19:53.096  INFO 19389 --- [nio-5555-exec-5] com.devpet.apigateway.filter.PreFilter   : ===== START Pre Filter. =====
2023-02-19 15:19:53.098  INFO 19389 --- [nio-5555-exec-5] com.devpet.apigateway.filter.PreFilter   : [Pre Filter] : Request reqUri : /api/app/profile HttpBody : {
    "nickname":"skine134",
    "about":"hello world",
    "birth":"1997-06-02",
    "imageUrl":"http://image.gg",
    "petList":[
        {
            "name":"Pozzi",
            "division":"프렌치 불독",
            "birth":"2022-12-31",
            "about":"우리 애기",
            "imageUrl":"",
            "meetDate":"2022-12-31"
        },
        {
            "name":"hulk",
            "division":"프렌치 불독",
            "birth":"2022-12-31",
            "about":"우량아",
            "imageUrl":"",
            "meetDate":"2022-12-31"
        }
    ]
}
2023-02-19 15:19:53.298  INFO 19389 --- [nio-5555-exec-5] c.d.apigateway.filter.RoutingFilter      : ===== START Route Filter. =====.
2023-02-19 15:19:53.815  INFO 19389 --- [nio-5555-exec-5] com.devpet.apigateway.filter.PostFilter  : ===== START Post Filter. =====
2023-02-19 15:19:53.815  INFO 19389 --- [nio-5555-exec-5] com.devpet.apigateway.filter.PostFilter  : [Post Filter] HttpStatus : 200, Response HttpBody : 2
2023-02-19 15:20:10.421  INFO 19389 --- [trap-executor-0] c.n.d.s.r.aws.ConfigClusterResolver      : Resolving eureka endpoints via configuration
2023-02-19 15:25:10.430  INFO 19389 --- [trap-executor-0] c.n.d.s.r.aws.ConfigClusterResolver      : Resolving eureka endpoints via configuration
2023-02-19 15:27:49.133  INFO 19389 --- [nio-5555-exec-6] com.devpet.apigateway.filter.PreFilter   : ===== START Pre Filter. =====
2023-02-19 15:27:49.135  INFO 19389 --- [nio-5555-exec-6] com.devpet.apigateway.filter.PreFilter   : [Pre Filter] : Request reqUri : /api/app/profile HttpBody : {
    "nickname":"skine134",
    "about":"hello world",
    "birth":"1997-06-02",
    "imageUrl":"http://image.gg",
    "petList":[
        {
            "name":"Pozzi",
            "division":"프렌치 불독",
            "birth":"2022-12-31",
            "about":"우리 애기",
            "imageUrl":"",
            "meetDate":"2022-12-31"
        },
        {
            "name":"hulk",
            "division":"프렌치 불독",
            "birth":"2022-12-31",
            "about":"우량아",
            "imageUrl":"",
            "meetDate":"2022-12-31"
        }
    ]
}
2023-02-19 15:27:49.328  INFO 19389 --- [nio-5555-exec-6] c.d.apigateway.filter.RoutingFilter      : ===== START Route Filter. =====.
2023-02-19 15:27:49.384  INFO 19389 --- [nio-5555-exec-6] com.devpet.apigateway.filter.PostFilter  : ===== START Post Filter. =====
2023-02-19 15:27:49.385  INFO 19389 --- [nio-5555-exec-6] com.devpet.apigateway.filter.PostFilter  : [Post Filter] HttpStatus : 200, Response HttpBody : 3
2023-02-19 15:30:10.444  INFO 19389 --- [trap-executor-0] c.n.d.s.r.aws.ConfigClusterResolver      : Resolving eureka endpoints via configuration
2023-02-19 15:35:10.457  INFO 19389 --- [trap-executor-0] c.n.d.s.r.aws.ConfigClusterResolver      : Resolving eureka endpoints via configuration
2023-02-19 15:43:01.282  INFO 19389 --- [trap-executor-0] c.n.d.s.r.aws.ConfigClusterResolver      : Resolving eureka endpoints via configuration
