
  .   ____          _            __ _ _
 /\\ / ___'_ __ _ _(_)_ __  __ _ \ \ \ \
( ( )\___ | '_ | '_| | '_ \/ _` | \ \ \ \
 \\/  ___)| |_)| | | | | || (_| |  ) ) ) )
  '  |____| .__|_| |_|_| |_\__, | / / / /
 =========|_|==============|___/=/_/_/_/
 :: Spring Boot ::        (v2.3.9.RELEASE)

2023-02-19 04:50:43.411  INFO 2100 --- [           main] c.d.s.ServiceDiscoveryApplication        : No active profile set, falling back to default profiles: default
2023-02-19 04:50:46.225  WARN 2100 --- [           main] o.s.boot.actuate.endpoint.EndpointId     : Endpoint ID 'service-registry' contains invalid characters, please migrate to a valid format.
2023-02-19 04:50:46.584  INFO 2100 --- [           main] o.s.cloud.context.scope.GenericScope     : BeanFactory id=609daa5e-57fa-3010-8954-18dccbb354be
2023-02-19 04:50:47.802  INFO 2100 --- [           main] o.s.b.w.embedded.tomcat.TomcatWebServer  : Tomcat initialized with port(s): 8761 (http)
2023-02-19 04:50:47.847  INFO 2100 --- [           main] o.apache.catalina.core.StandardService   : Starting service [Tomcat]
2023-02-19 04:50:47.848  INFO 2100 --- [           main] org.apache.catalina.core.StandardEngine  : Starting Servlet engine: [Apache Tomcat/9.0.43]
2023-02-19 04:50:48.134  INFO 2100 --- [           main] o.a.c.c.C.[Tomcat].[localhost].[/]       : Initializing Spring embedded WebApplicationContext
2023-02-19 04:50:48.134  INFO 2100 --- [           main] w.s.c.ServletWebServerApplicationContext : Root WebApplicationContext: initialization completed in 4640 ms
2023-02-19 04:50:48.322  WARN 2100 --- [           main] c.n.c.sources.URLConfigurationSource     : No URLs will be polled as dynamic configuration sources.
2023-02-19 04:50:48.322  INFO 2100 --- [           main] c.n.c.sources.URLConfigurationSource     : To enable URLs as dynamic configuration sources, define System property archaius.configurationSource.additionalUrls or make config.properties available on classpath.
2023-02-19 04:50:48.368  INFO 2100 --- [           main] c.netflix.config.DynamicPropertyFactory  : DynamicPropertyFactory is initialized with configuration sources: com.netflix.config.ConcurrentCompositeConfiguration@4d0402b
2023-02-19 04:50:49.673  INFO 2100 --- [           main] c.s.j.s.i.a.WebApplicationImpl           : Initiating Jersey application, version 'Jersey: 1.19.4 05/24/2017 03:20 PM'
2023-02-19 04:50:49.987  INFO 2100 --- [           main] c.n.d.provider.DiscoveryJerseyProvider   : Using JSON encoding codec LegacyJacksonJson
2023-02-19 04:50:49.991  INFO 2100 --- [           main] c.n.d.provider.DiscoveryJerseyProvider   : Using JSON decoding codec LegacyJacksonJson
2023-02-19 04:50:50.690  INFO 2100 --- [           main] c.n.d.provider.DiscoveryJerseyProvider   : Using XML encoding codec XStreamXml
2023-02-19 04:50:50.691  INFO 2100 --- [           main] c.n.d.provider.DiscoveryJerseyProvider   : Using XML decoding codec XStreamXml
2023-02-19 04:50:51.718  WARN 2100 --- [           main] c.n.c.sources.URLConfigurationSource     : No URLs will be polled as dynamic configuration sources.
2023-02-19 04:50:51.719  INFO 2100 --- [           main] c.n.c.sources.URLConfigurationSource     : To enable URLs as dynamic configuration sources, define System property archaius.configurationSource.additionalUrls or make config.properties available on classpath.
2023-02-19 04:50:52.797  INFO 2100 --- [           main] o.s.s.concurrent.ThreadPoolTaskExecutor  : Initializing ExecutorService 'applicationTaskExecutor'
2023-02-19 04:50:54.439  INFO 2100 --- [           main] DiscoveryClientOptionalArgsConfiguration : Eureka HTTP Client uses Jersey
2023-02-19 04:50:54.474  WARN 2100 --- [           main] ockingLoadBalancerClientRibbonWarnLogger : You already have RibbonLoadBalancerClient on your classpath. It will be used by default. As Spring Cloud Ribbon is in maintenance mode. We recommend switching to BlockingLoadBalancerClient instead. In order to use it, set the value of `spring.cloud.loadbalancer.ribbon.enabled` to `false` or remove spring-cloud-starter-netflix-ribbon from your project.
2023-02-19 04:50:54.658  INFO 2100 --- [           main] o.s.c.n.eureka.InstanceInfoFactory       : Setting initial instance status as: STARTING
2023-02-19 04:50:54.782  INFO 2100 --- [           main] com.netflix.discovery.DiscoveryClient    : Initializing Eureka in region us-east-1
2023-02-19 04:50:54.782  INFO 2100 --- [           main] com.netflix.discovery.DiscoveryClient    : Client configured to neither register nor query for data.
2023-02-19 04:50:54.807  INFO 2100 --- [           main] com.netflix.discovery.DiscoveryClient    : Discovery Client initialized at timestamp 1676749854806 with initial instances count: 0
2023-02-19 04:50:54.925  INFO 2100 --- [           main] c.n.eureka.DefaultEurekaServerContext    : Initializing ...
2023-02-19 04:50:54.929  INFO 2100 --- [           main] c.n.eureka.cluster.PeerEurekaNodes       : Adding new peer nodes [http://localhost:8761/eureka/]
2023-02-19 04:50:55.342  INFO 2100 --- [           main] c.n.d.provider.DiscoveryJerseyProvider   : Using JSON encoding codec LegacyJacksonJson
2023-02-19 04:50:55.342  INFO 2100 --- [           main] c.n.d.provider.DiscoveryJerseyProvider   : Using JSON decoding codec LegacyJacksonJson
2023-02-19 04:50:55.342  INFO 2100 --- [           main] c.n.d.provider.DiscoveryJerseyProvider   : Using XML encoding codec XStreamXml
2023-02-19 04:50:55.342  INFO 2100 --- [           main] c.n.d.provider.DiscoveryJerseyProvider   : Using XML decoding codec XStreamXml
2023-02-19 04:50:55.580  INFO 2100 --- [           main] c.n.eureka.cluster.PeerEurekaNodes       : Replica node URL:  http://localhost:8761/eureka/
2023-02-19 04:50:55.604  INFO 2100 --- [           main] c.n.e.registry.AbstractInstanceRegistry  : Finished initializing remote region registries. All known remote regions: []
2023-02-19 04:50:55.605  INFO 2100 --- [           main] c.n.eureka.DefaultEurekaServerContext    : Initialized
2023-02-19 04:50:55.652  INFO 2100 --- [           main] o.s.b.a.e.web.EndpointLinksResolver      : Exposing 17 endpoint(s) beneath base path '/actuator'
2023-02-19 04:50:55.710  INFO 2100 --- [           main] o.s.c.n.e.s.EurekaServiceRegistry        : Registering application SERVICE-DISCOVERY with eureka with status UP
2023-02-19 04:50:55.714  INFO 2100 --- [      Thread-10] o.s.c.n.e.server.EurekaServerBootstrap   : Setting the eureka configuration..
2023-02-19 04:50:55.716  INFO 2100 --- [      Thread-10] o.s.c.n.e.server.EurekaServerBootstrap   : Eureka data center value eureka.datacenter is not set, defaulting to default
2023-02-19 04:50:55.718  INFO 2100 --- [      Thread-10] o.s.c.n.e.server.EurekaServerBootstrap   : Eureka environment value eureka.environment is not set, defaulting to test
2023-02-19 04:50:55.776  INFO 2100 --- [      Thread-10] o.s.c.n.e.server.EurekaServerBootstrap   : isAws returned false
2023-02-19 04:50:55.777  INFO 2100 --- [      Thread-10] o.s.c.n.e.server.EurekaServerBootstrap   : Initialized server context
2023-02-19 04:50:55.778  INFO 2100 --- [      Thread-10] c.n.e.r.PeerAwareInstanceRegistryImpl    : Got 1 instances from neighboring DS node
2023-02-19 04:50:55.778  INFO 2100 --- [      Thread-10] c.n.e.r.PeerAwareInstanceRegistryImpl    : Renew threshold is: 1
2023-02-19 04:50:55.778  INFO 2100 --- [      Thread-10] c.n.e.r.PeerAwareInstanceRegistryImpl    : Changing status to UP
2023-02-19 04:50:55.793  INFO 2100 --- [      Thread-10] e.s.EurekaServerInitializerConfiguration : Started Eureka Server
2023-02-19 04:50:55.805  INFO 2100 --- [           main] o.s.b.w.embedded.tomcat.TomcatWebServer  : Tomcat started on port(s): 8761 (http) with context path ''
2023-02-19 04:50:55.807  INFO 2100 --- [           main] .s.c.n.e.s.EurekaAutoServiceRegistration : Updating port to 8761
2023-02-19 04:50:55.833  INFO 2100 --- [           main] c.d.s.ServiceDiscoveryApplication        : Started ServiceDiscoveryApplication in 16.893 seconds (JVM running for 17.799)
2023-02-19 04:50:56.303  INFO 2100 --- [nio-8761-exec-1] o.a.c.c.C.[Tomcat].[localhost].[/]       : Initializing Spring DispatcherServlet 'dispatcherServlet'
2023-02-19 04:50:56.304  INFO 2100 --- [nio-8761-exec-1] o.s.web.servlet.DispatcherServlet        : Initializing Servlet 'dispatcherServlet'
2023-02-19 04:50:56.320  INFO 2100 --- [nio-8761-exec-1] o.s.web.servlet.DispatcherServlet        : Completed initialization in 16 ms
2023-02-19 04:51:55.781  INFO 2100 --- [a-EvictionTimer] c.n.e.registry.AbstractInstanceRegistry  : Running the evict task with compensationTime 0ms
2023-02-19 04:52:55.782  INFO 2100 --- [a-EvictionTimer] c.n.e.registry.AbstractInstanceRegistry  : Running the evict task with compensationTime 4ms
2023-02-19 04:53:55.783  INFO 2100 --- [a-EvictionTimer] c.n.e.registry.AbstractInstanceRegistry  : Running the evict task with compensationTime 3ms
2023-02-19 04:54:55.784  INFO 2100 --- [a-EvictionTimer] c.n.e.registry.AbstractInstanceRegistry  : Running the evict task with compensationTime 3ms
